The system is: Linux - 4.19.0-19-amd64 - x86_64
Compiling the C compiler identification source file "CMakeCCompilerId.c" succeeded.
Compiler: /usr/bin/cc 
Build flags: 
Id flags:  

The output was:
0


Compilation of the C compiler identification source "CMakeCCompilerId.c" produced "a.out"

The C compiler identification is GNU, found in "/home/siena/dev/libraries/tensorflow_src/tensorflow/tensorflow/lite/examples/minimal/build/CMakeFiles/3.23.0-rc5/CompilerIdC/a.out"

Compiling the CXX compiler identification source file "CMakeCXXCompilerId.cpp" succeeded.
Compiler: /usr/bin/c++ 
Build flags: 
Id flags:  

The output was:
0


Compilation of the CXX compiler identification source "CMakeCXXCompilerId.cpp" produced "a.out"

The CXX compiler identification is GNU, found in "/home/siena/dev/libraries/tensorflow_src/tensorflow/tensorflow/lite/examples/minimal/build/CMakeFiles/3.23.0-rc5/CompilerIdCXX/a.out"

Detecting C compiler ABI info compiled with the following output:
Change Dir: /home/siena/dev/libraries/tensorflow_src/tensorflow/tensorflow/lite/examples/minimal/build/CMakeFiles/CMakeTmp

Run Build Command(s):/usr/bin/make -f Makefile cmTC_c1da2/fast && /usr/bin/make  -f CMakeFiles/cmTC_c1da2.dir/build.make CMakeFiles/cmTC_c1da2.dir/build
make[1]: Entering directory '/home/siena/dev/libraries/tensorflow_src/tensorflow/tensorflow/lite/examples/minimal/build/CMakeFiles/CMakeTmp'
Building C object CMakeFiles/cmTC_c1da2.dir/CMakeCCompilerABI.c.o
/usr/bin/cc   -v -o CMakeFiles/cmTC_c1da2.dir/CMakeCCompilerABI.c.o -c /usr/local/share/cmake-3.23/Modules/CMakeCCompilerABI.c
Using built-in specs.
COLLECT_GCC=/usr/bin/cc
OFFLOAD_TARGET_NAMES=nvptx-none
OFFLOAD_TARGET_DEFAULT=1
Target: x86_64-linux-gnu
Configured with: ../src/configure -v --with-pkgversion='Debian 8.3.0-6' --with-bugurl=file:///usr/share/doc/gcc-8/README.Bugs --enable-languages=c,ada,c++,go,brig,d,fortran,objc,obj-c++ --prefix=/usr --with-gcc-major-version-only --program-suffix=-8 --program-prefix=x86_64-linux-gnu- --enable-shared --enable-linker-build-id --libexecdir=/usr/lib --without-included-gettext --enable-threads=posix --libdir=/usr/lib --enable-nls --enable-bootstrap --enable-clocale=gnu --enable-libstdcxx-debug --enable-libstdcxx-time=yes --with-default-libstdcxx-abi=new --enable-gnu-unique-object --disable-vtable-verify --enable-libmpx --enable-plugin --enable-default-pie --with-system-zlib --with-target-system-zlib --enable-objc-gc=auto --enable-multiarch --disable-werror --with-arch-32=i686 --with-abi=m64 --with-multilib-list=m32,m64,mx32 --enable-multilib --with-tune=generic --enable-offload-targets=nvptx-none --without-cuda-driver --enable-checking=release --build=x86_64-linux-gnu --host=x86_64-linux-gnu --target=x86_64-linux-gnu
Thread model: posix
gcc version 8.3.0 (Debian 8.3.0-6) 
COLLECT_GCC_OPTIONS='-v' '-o' 'CMakeFiles/cmTC_c1da2.dir/CMakeCCompilerABI.c.o' '-c' '-mtune=generic' '-march=x86-64'
 /usr/lib/gcc/x86_64-linux-gnu/8/cc1 -quiet -v -imultiarch x86_64-linux-gnu /usr/local/share/cmake-3.23/Modules/CMakeCCompilerABI.c -quiet -dumpbase CMakeCCompilerABI.c -mtune=generic -march=x86-64 -auxbase-strip CMakeFiles/cmTC_c1da2.dir/CMakeCCompilerABI.c.o -version -o /tmp/cc8QoT9r.s
GNU C17 (Debian 8.3.0-6) version 8.3.0 (x86_64-linux-gnu)
	compiled by GNU C version 8.3.0, GMP version 6.1.2, MPFR version 4.0.2, MPC version 1.1.0, isl version isl-0.20-GMP

GGC heuristics: --param ggc-min-expand=100 --param ggc-min-heapsize=131072
ignoring nonexistent directory "/usr/local/include/x86_64-linux-gnu"
ignoring nonexistent directory "/usr/lib/gcc/x86_64-linux-gnu/8/../../../../x86_64-linux-gnu/include"
#include "..." search starts here:
#include <...> search starts here:
 /usr/lib/gcc/x86_64-linux-gnu/8/include
 /usr/local/include
 /usr/lib/gcc/x86_64-linux-gnu/8/include-fixed
 /usr/include/x86_64-linux-gnu
 /usr/include
End of search list.
GNU C17 (Debian 8.3.0-6) version 8.3.0 (x86_64-linux-gnu)
	compiled by GNU C version 8.3.0, GMP version 6.1.2, MPFR version 4.0.2, MPC version 1.1.0, isl version isl-0.20-GMP

GGC heuristics: --param ggc-min-expand=100 --param ggc-min-heapsize=131072
Compiler executable checksum: 694977f912fd7ca2c14d66a7306be21c
COLLECT_GCC_OPTIONS='-v' '-o' 'CMakeFiles/cmTC_c1da2.dir/CMakeCCompilerABI.c.o' '-c' '-mtune=generic' '-march=x86-64'
 as -v --64 -o CMakeFiles/cmTC_c1da2.dir/CMakeCCompilerABI.c.o /tmp/cc8QoT9r.s
GNU assembler version 2.31.1 (x86_64-linux-gnu) using BFD version (GNU Binutils for Debian) 2.31.1
COMPILER_PATH=/usr/lib/gcc/x86_64-linux-gnu/8/:/usr/lib/gcc/x86_64-linux-gnu/8/:/usr/lib/gcc/x86_64-linux-gnu/:/usr/lib/gcc/x86_64-linux-gnu/8/:/usr/lib/gcc/x86_64-linux-gnu/
LIBRARY_PATH=/usr/lib/gcc/x86_64-linux-gnu/8/:/usr/lib/gcc/x86_64-linux-gnu/8/../../../x86_64-linux-gnu/:/usr/lib/gcc/x86_64-linux-gnu/8/../../../../lib/:/lib/x86_64-linux-gnu/:/lib/../lib/:/usr/lib/x86_64-linux-gnu/:/usr/lib/../lib/:/usr/lib/gcc/x86_64-linux-gnu/8/../../../:/lib/:/usr/lib/
COLLECT_GCC_OPTIONS='-v' '-o' 'CMakeFiles/cmTC_c1da2.dir/CMakeCCompilerABI.c.o' '-c' '-mtune=generic' '-march=x86-64'
Linking C executable cmTC_c1da2
/usr/local/bin/cmake -E cmake_link_script CMakeFiles/cmTC_c1da2.dir/link.txt --verbose=1
/usr/bin/cc  -v CMakeFiles/cmTC_c1da2.dir/CMakeCCompilerABI.c.o -o cmTC_c1da2 
Using built-in specs.
COLLECT_GCC=/usr/bin/cc
COLLECT_LTO_WRAPPER=/usr/lib/gcc/x86_64-linux-gnu/8/lto-wrapper
OFFLOAD_TARGET_NAMES=nvptx-none
OFFLOAD_TARGET_DEFAULT=1
Target: x86_64-linux-gnu
Configured with: ../src/configure -v --with-pkgversion='Debian 8.3.0-6' --with-bugurl=file:///usr/share/doc/gcc-8/README.Bugs --enable-languages=c,ada,c++,go,brig,d,fortran,objc,obj-c++ --prefix=/usr --with-gcc-major-version-only --program-suffix=-8 --program-prefix=x86_64-linux-gnu- --enable-shared --enable-linker-build-id --libexecdir=/usr/lib --without-included-gettext --enable-threads=posix --libdir=/usr/lib --enable-nls --enable-bootstrap --enable-clocale=gnu --enable-libstdcxx-debug --enable-libstdcxx-time=yes --with-default-libstdcxx-abi=new --enable-gnu-unique-object --disable-vtable-verify --enable-libmpx --enable-plugin --enable-default-pie --with-system-zlib --with-target-system-zlib --enable-objc-gc=auto --enable-multiarch --disable-werror --with-arch-32=i686 --with-abi=m64 --with-multilib-list=m32,m64,mx32 --enable-multilib --with-tune=generic --enable-offload-targets=nvptx-none --without-cuda-driver --enable-checking=release --build=x86_64-linux-gnu --host=x86_64-linux-gnu --target=x86_64-linux-gnu
Thread model: posix
gcc version 8.3.0 (Debian 8.3.0-6) 
COMPILER_PATH=/usr/lib/gcc/x86_64-linux-gnu/8/:/usr/lib/gcc/x86_64-linux-gnu/8/:/usr/lib/gcc/x86_64-linux-gnu/:/usr/lib/gcc/x86_64-linux-gnu/8/:/usr/lib/gcc/x86_64-linux-gnu/
LIBRARY_PATH=/usr/lib/gcc/x86_64-linux-gnu/8/:/usr/lib/gcc/x86_64-linux-gnu/8/../../../x86_64-linux-gnu/:/usr/lib/gcc/x86_64-linux-gnu/8/../../../../lib/:/lib/x86_64-linux-gnu/:/lib/../lib/:/usr/lib/x86_64-linux-gnu/:/usr/lib/../lib/:/usr/lib/gcc/x86_64-linux-gnu/8/../../../:/lib/:/usr/lib/
COLLECT_GCC_OPTIONS='-v' '-o' 'cmTC_c1da2' '-mtune=generic' '-march=x86-64'
 /usr/lib/gcc/x86_64-linux-gnu/8/collect2 -plugin /usr/lib/gcc/x86_64-linux-gnu/8/liblto_plugin.so -plugin-opt=/usr/lib/gcc/x86_64-linux-gnu/8/lto-wrapper -plugin-opt=-fresolution=/tmp/ccWZvWCx.res -plugin-opt=-pass-through=-lgcc -plugin-opt=-pass-through=-lgcc_s -plugin-opt=-pass-through=-lc -plugin-opt=-pass-through=-lgcc -plugin-opt=-pass-through=-lgcc_s --build-id --eh-frame-hdr -m elf_x86_64 --hash-style=gnu -dynamic-linker /lib64/ld-linux-x86-64.so.2 -pie -o cmTC_c1da2 /usr/lib/gcc/x86_64-linux-gnu/8/../../../x86_64-linux-gnu/Scrt1.o /usr/lib/gcc/x86_64-linux-gnu/8/../../../x86_64-linux-gnu/crti.o /usr/lib/gcc/x86_64-linux-gnu/8/crtbeginS.o -L/usr/lib/gcc/x86_64-linux-gnu/8 -L/usr/lib/gcc/x86_64-linux-gnu/8/../../../x86_64-linux-gnu -L/usr/lib/gcc/x86_64-linux-gnu/8/../../../../lib -L/lib/x86_64-linux-gnu -L/lib/../lib -L/usr/lib/x86_64-linux-gnu -L/usr/lib/../lib -L/usr/lib/gcc/x86_64-linux-gnu/8/../../.. CMakeFiles/cmTC_c1da2.dir/CMakeCCompilerABI.c.o -lgcc --push-state --as-needed -lgcc_s --pop-state -lc -lgcc --push-state --as-needed -lgcc_s --pop-state /usr/lib/gcc/x86_64-linux-gnu/8/crtendS.o /usr/lib/gcc/x86_64-linux-gnu/8/../../../x86_64-linux-gnu/crtn.o
COLLECT_GCC_OPTIONS='-v' '-o' 'cmTC_c1da2' '-mtune=generic' '-march=x86-64'
make[1]: Leaving directory '/home/siena/dev/libraries/tensorflow_src/tensorflow/tensorflow/lite/examples/minimal/build/CMakeFiles/CMakeTmp'



Parsed C implicit include dir info from above output: rv=done
  found start of include info
  found start of implicit include info
    add: [/usr/lib/gcc/x86_64-linux-gnu/8/include]
    add: [/usr/local/include]
    add: [/usr/lib/gcc/x86_64-linux-gnu/8/include-fixed]
    add: [/usr/include/x86_64-linux-gnu]
    add: [/usr/include]
  end of search list found
  collapse include dir [/usr/lib/gcc/x86_64-linux-gnu/8/include] ==> [/usr/lib/gcc/x86_64-linux-gnu/8/include]
  collapse include dir [/usr/local/include] ==> [/usr/local/include]
  collapse include dir [/usr/lib/gcc/x86_64-linux-gnu/8/include-fixed] ==> [/usr/lib/gcc/x86_64-linux-gnu/8/include-fixed]
  collapse include dir [/usr/include/x86_64-linux-gnu] ==> [/usr/include/x86_64-linux-gnu]
  collapse include dir [/usr/include] ==> [/usr/include]
  implicit include dirs: [/usr/lib/gcc/x86_64-linux-gnu/8/include;/usr/local/include;/usr/lib/gcc/x86_64-linux-gnu/8/include-fixed;/usr/include/x86_64-linux-gnu;/usr/include]


Parsed C implicit link information from above output:
  link line regex: [^( *|.*[/\])(ld|CMAKE_LINK_STARTFILE-NOTFOUND|([^/\]+-)?ld|collect2)[^/\]*( |$)]
  ignore line: [Change Dir: /home/siena/dev/libraries/tensorflow_src/tensorflow/tensorflow/lite/examples/minimal/build/CMakeFiles/CMakeTmp]
  ignore line: []
  ignore line: [Run Build Command(s):/usr/bin/make -f Makefile cmTC_c1da2/fast && /usr/bin/make  -f CMakeFiles/cmTC_c1da2.dir/build.make CMakeFiles/cmTC_c1da2.dir/build]
  ignore line: [make[1]: Entering directory '/home/siena/dev/libraries/tensorflow_src/tensorflow/tensorflow/lite/examples/minimal/build/CMakeFiles/CMakeTmp']
  ignore line: [Building C object CMakeFiles/cmTC_c1da2.dir/CMakeCCompilerABI.c.o]
  ignore line: [/usr/bin/cc   -v -o CMakeFiles/cmTC_c1da2.dir/CMakeCCompilerABI.c.o -c /usr/local/share/cmake-3.23/Modules/CMakeCCompilerABI.c]
  ignore line: [Using built-in specs.]
  ignore line: [COLLECT_GCC=/usr/bin/cc]
  ignore line: [OFFLOAD_TARGET_NAMES=nvptx-none]
  ignore line: [OFFLOAD_TARGET_DEFAULT=1]
  ignore line: [Target: x86_64-linux-gnu]
  ignore line: [Configured with: ../src/configure -v --with-pkgversion='Debian 8.3.0-6' --with-bugurl=file:///usr/share/doc/gcc-8/README.Bugs --enable-languages=c ada c++ go brig d fortran objc obj-c++ --prefix=/usr --with-gcc-major-version-only --program-suffix=-8 --program-prefix=x86_64-linux-gnu- --enable-shared --enable-linker-build-id --libexecdir=/usr/lib --without-included-gettext --enable-threads=posix --libdir=/usr/lib --enable-nls --enable-bootstrap --enable-clocale=gnu --enable-libstdcxx-debug --enable-libstdcxx-time=yes --with-default-libstdcxx-abi=new --enable-gnu-unique-object --disable-vtable-verify --enable-libmpx --enable-plugin --enable-default-pie --with-system-zlib --with-target-system-zlib --enable-objc-gc=auto --enable-multiarch --disable-werror --with-arch-32=i686 --with-abi=m64 --with-multilib-list=m32 m64 mx32 --enable-multilib --with-tune=generic --enable-offload-targets=nvptx-none --without-cuda-driver --enable-checking=release --build=x86_64-linux-gnu --host=x86_64-linux-gnu --target=x86_64-linux-gnu]
  ignore line: [Thread model: posix]
  ignore line: [gcc version 8.3.0 (Debian 8.3.0-6) ]
  ignore line: [COLLECT_GCC_OPTIONS='-v' '-o' 'CMakeFiles/cmTC_c1da2.dir/CMakeCCompilerABI.c.o' '-c' '-mtune=generic' '-march=x86-64']
  ignore line: [ /usr/lib/gcc/x86_64-linux-gnu/8/cc1 -quiet -v -imultiarch x86_64-linux-gnu /usr/local/share/cmake-3.23/Modules/CMakeCCompilerABI.c -quiet -dumpbase CMakeCCompilerABI.c -mtune=generic -march=x86-64 -auxbase-strip CMakeFiles/cmTC_c1da2.dir/CMakeCCompilerABI.c.o -version -o /tmp/cc8QoT9r.s]
  ignore line: [GNU C17 (Debian 8.3.0-6) version 8.3.0 (x86_64-linux-gnu)]
  ignore line: [	compiled by GNU C version 8.3.0  GMP version 6.1.2  MPFR version 4.0.2  MPC version 1.1.0  isl version isl-0.20-GMP]
  ignore line: []
  ignore line: [GGC heuristics: --param ggc-min-expand=100 --param ggc-min-heapsize=131072]
  ignore line: [ignoring nonexistent directory "/usr/local/include/x86_64-linux-gnu"]
  ignore line: [ignoring nonexistent directory "/usr/lib/gcc/x86_64-linux-gnu/8/../../../../x86_64-linux-gnu/include"]
  ignore line: [#include "..." search starts here:]
  ignore line: [#include <...> search starts here:]
  ignore line: [ /usr/lib/gcc/x86_64-linux-gnu/8/include]
  ignore line: [ /usr/local/include]
  ignore line: [ /usr/lib/gcc/x86_64-linux-gnu/8/include-fixed]
  ignore line: [ /usr/include/x86_64-linux-gnu]
  ignore line: [ /usr/include]
  ignore line: [End of search list.]
  ignore line: [GNU C17 (Debian 8.3.0-6) version 8.3.0 (x86_64-linux-gnu)]
  ignore line: [	compiled by GNU C version 8.3.0  GMP version 6.1.2  MPFR version 4.0.2  MPC version 1.1.0  isl version isl-0.20-GMP]
  ignore line: []
  ignore line: [GGC heuristics: --param ggc-min-expand=100 --param ggc-min-heapsize=131072]
  ignore line: [Compiler executable checksum: 694977f912fd7ca2c14d66a7306be21c]
  ignore line: [COLLECT_GCC_OPTIONS='-v' '-o' 'CMakeFiles/cmTC_c1da2.dir/CMakeCCompilerABI.c.o' '-c' '-mtune=generic' '-march=x86-64']
  ignore line: [ as -v --64 -o CMakeFiles/cmTC_c1da2.dir/CMakeCCompilerABI.c.o /tmp/cc8QoT9r.s]
  ignore line: [GNU assembler version 2.31.1 (x86_64-linux-gnu) using BFD version (GNU Binutils for Debian) 2.31.1]
  ignore line: [COMPILER_PATH=/usr/lib/gcc/x86_64-linux-gnu/8/:/usr/lib/gcc/x86_64-linux-gnu/8/:/usr/lib/gcc/x86_64-linux-gnu/:/usr/lib/gcc/x86_64-linux-gnu/8/:/usr/lib/gcc/x86_64-linux-gnu/]
  ignore line: [LIBRARY_PATH=/usr/lib/gcc/x86_64-linux-gnu/8/:/usr/lib/gcc/x86_64-linux-gnu/8/../../../x86_64-linux-gnu/:/usr/lib/gcc/x86_64-linux-gnu/8/../../../../lib/:/lib/x86_64-linux-gnu/:/lib/../lib/:/usr/lib/x86_64-linux-gnu/:/usr/lib/../lib/:/usr/lib/gcc/x86_64-linux-gnu/8/../../../:/lib/:/usr/lib/]
  ignore line: [COLLECT_GCC_OPTIONS='-v' '-o' 'CMakeFiles/cmTC_c1da2.dir/CMakeCCompilerABI.c.o' '-c' '-mtune=generic' '-march=x86-64']
  ignore line: [Linking C executable cmTC_c1da2]
  ignore line: [/usr/local/bin/cmake -E cmake_link_script CMakeFiles/cmTC_c1da2.dir/link.txt --verbose=1]
  ignore line: [/usr/bin/cc  -v CMakeFiles/cmTC_c1da2.dir/CMakeCCompilerABI.c.o -o cmTC_c1da2 ]
  ignore line: [Using built-in specs.]
  ignore line: [COLLECT_GCC=/usr/bin/cc]
  ignore line: [COLLECT_LTO_WRAPPER=/usr/lib/gcc/x86_64-linux-gnu/8/lto-wrapper]
  ignore line: [OFFLOAD_TARGET_NAMES=nvptx-none]
  ignore line: [OFFLOAD_TARGET_DEFAULT=1]
  ignore line: [Target: x86_64-linux-gnu]
  ignore line: [Configured with: ../src/configure -v --with-pkgversion='Debian 8.3.0-6' --with-bugurl=file:///usr/share/doc/gcc-8/README.Bugs --enable-languages=c ada c++ go brig d fortran objc obj-c++ --prefix=/usr --with-gcc-major-version-only --program-suffix=-8 --program-prefix=x86_64-linux-gnu- --enable-shared --enable-linker-build-id --libexecdir=/usr/lib --without-included-gettext --enable-threads=posix --libdir=/usr/lib --enable-nls --enable-bootstrap --enable-clocale=gnu --enable-libstdcxx-debug --enable-libstdcxx-time=yes --with-default-libstdcxx-abi=new --enable-gnu-unique-object --disable-vtable-verify --enable-libmpx --enable-plugin --enable-default-pie --with-system-zlib --with-target-system-zlib --enable-objc-gc=auto --enable-multiarch --disable-werror --with-arch-32=i686 --with-abi=m64 --with-multilib-list=m32 m64 mx32 --enable-multilib --with-tune=generic --enable-offload-targets=nvptx-none --without-cuda-driver --enable-checking=release --build=x86_64-linux-gnu --host=x86_64-linux-gnu --target=x86_64-linux-gnu]
  ignore line: [Thread model: posix]
  ignore line: [gcc version 8.3.0 (Debian 8.3.0-6) ]
  ignore line: [COMPILER_PATH=/usr/lib/gcc/x86_64-linux-gnu/8/:/usr/lib/gcc/x86_64-linux-gnu/8/:/usr/lib/gcc/x86_64-linux-gnu/:/usr/lib/gcc/x86_64-linux-gnu/8/:/usr/lib/gcc/x86_64-linux-gnu/]
  ignore line: [LIBRARY_PATH=/usr/lib/gcc/x86_64-linux-gnu/8/:/usr/lib/gcc/x86_64-linux-gnu/8/../../../x86_64-linux-gnu/:/usr/lib/gcc/x86_64-linux-gnu/8/../../../../lib/:/lib/x86_64-linux-gnu/:/lib/../lib/:/usr/lib/x86_64-linux-gnu/:/usr/lib/../lib/:/usr/lib/gcc/x86_64-linux-gnu/8/../../../:/lib/:/usr/lib/]
  ignore line: [COLLECT_GCC_OPTIONS='-v' '-o' 'cmTC_c1da2' '-mtune=generic' '-march=x86-64']
  link line: [ /usr/lib/gcc/x86_64-linux-gnu/8/collect2 -plugin /usr/lib/gcc/x86_64-linux-gnu/8/liblto_plugin.so -plugin-opt=/usr/lib/gcc/x86_64-linux-gnu/8/lto-wrapper -plugin-opt=-fresolution=/tmp/ccWZvWCx.res -plugin-opt=-pass-through=-lgcc -plugin-opt=-pass-through=-lgcc_s -plugin-opt=-pass-through=-lc -plugin-opt=-pass-through=-lgcc -plugin-opt=-pass-through=-lgcc_s --build-id --eh-frame-hdr -m elf_x86_64 --hash-style=gnu -dynamic-linker /lib64/ld-linux-x86-64.so.2 -pie -o cmTC_c1da2 /usr/lib/gcc/x86_64-linux-gnu/8/../../../x86_64-linux-gnu/Scrt1.o /usr/lib/gcc/x86_64-linux-gnu/8/../../../x86_64-linux-gnu/crti.o /usr/lib/gcc/x86_64-linux-gnu/8/crtbeginS.o -L/usr/lib/gcc/x86_64-linux-gnu/8 -L/usr/lib/gcc/x86_64-linux-gnu/8/../../../x86_64-linux-gnu -L/usr/lib/gcc/x86_64-linux-gnu/8/../../../../lib -L/lib/x86_64-linux-gnu -L/lib/../lib -L/usr/lib/x86_64-linux-gnu -L/usr/lib/../lib -L/usr/lib/gcc/x86_64-linux-gnu/8/../../.. CMakeFiles/cmTC_c1da2.dir/CMakeCCompilerABI.c.o -lgcc --push-state --as-needed -lgcc_s --pop-state -lc -lgcc --push-state --as-needed -lgcc_s --pop-state /usr/lib/gcc/x86_64-linux-gnu/8/crtendS.o /usr/lib/gcc/x86_64-linux-gnu/8/../../../x86_64-linux-gnu/crtn.o]
    arg [/usr/lib/gcc/x86_64-linux-gnu/8/collect2] ==> ignore
    arg [-plugin] ==> ignore
    arg [/usr/lib/gcc/x86_64-linux-gnu/8/liblto_plugin.so] ==> ignore
    arg [-plugin-opt=/usr/lib/gcc/x86_64-linux-gnu/8/lto-wrapper] ==> ignore
    arg [-plugin-opt=-fresolution=/tmp/ccWZvWCx.res] ==> ignore
    arg [-plugin-opt=-pass-through=-lgcc] ==> ignore
    arg [-plugin-opt=-pass-through=-lgcc_s] ==> ignore
    arg [-plugin-opt=-pass-through=-lc] ==> ignore
    arg [-plugin-opt=-pass-through=-lgcc] ==> ignore
    arg [-plugin-opt=-pass-through=-lgcc_s] ==> ignore
    arg [--build-id] ==> ignore
    arg [--eh-frame-hdr] ==> ignore
    arg [-m] ==> ignore
    arg [elf_x86_64] ==> ignore
    arg [--hash-style=gnu] ==> ignore
    arg [-dynamic-linker] ==> ignore
    arg [/lib64/ld-linux-x86-64.so.2] ==> ignore
    arg [-pie] ==> ignore
    arg [-o] ==> ignore
    arg [cmTC_c1da2] ==> ignore
    arg [/usr/lib/gcc/x86_64-linux-gnu/8/../../../x86_64-linux-gnu/Scrt1.o] ==> obj [/usr/lib/gcc/x86_64-linux-gnu/8/../../../x86_64-linux-gnu/Scrt1.o]
    arg [/usr/lib/gcc/x86_64-linux-gnu/8/../../../x86_64-linux-gnu/crti.o] ==> obj [/usr/lib/gcc/x86_64-linux-gnu/8/../../../x86_64-linux-gnu/crti.o]
    arg [/usr/lib/gcc/x86_64-linux-gnu/8/crtbeginS.o] ==> obj [/usr/lib/gcc/x86_64-linux-gnu/8/crtbeginS.o]
    arg [-L/usr/lib/gcc/x86_64-linux-gnu/8] ==> dir [/usr/lib/gcc/x86_64-linux-gnu/8]
    arg [-L/usr/lib/gcc/x86_64-linux-gnu/8/../../../x86_64-linux-gnu] ==> dir [/usr/lib/gcc/x86_64-linux-gnu/8/../../../x86_64-linux-gnu]
    arg [-L/usr/lib/gcc/x86_64-linux-gnu/8/../../../../lib] ==> dir [/usr/lib/gcc/x86_64-linux-gnu/8/../../../../lib]
    arg [-L/lib/x86_64-linux-gnu] ==> dir [/lib/x86_64-linux-gnu]
    arg [-L/lib/../lib] ==> dir [/lib/../lib]
    arg [-L/usr/lib/x86_64-linux-gnu] ==> dir [/usr/lib/x86_64-linux-gnu]
    arg [-L/usr/lib/../lib] ==> dir [/usr/lib/../lib]
    arg [-L/usr/lib/gcc/x86_64-linux-gnu/8/../../..] ==> dir [/usr/lib/gcc/x86_64-linux-gnu/8/../../..]
    arg [CMakeFiles/cmTC_c1da2.dir/CMakeCCompilerABI.c.o] ==> ignore
    arg [-lgcc] ==> lib [gcc]
    arg [--push-state] ==> ignore
    arg [--as-needed] ==> ignore
    arg [-lgcc_s] ==> lib [gcc_s]
    arg [--pop-state] ==> ignore
    arg [-lc] ==> lib [c]
    arg [-lgcc] ==> lib [gcc]
    arg [--push-state] ==> ignore
    arg [--as-needed] ==> ignore
    arg [-lgcc_s] ==> lib [gcc_s]
    arg [--pop-state] ==> ignore
    arg [/usr/lib/gcc/x86_64-linux-gnu/8/crtendS.o] ==> obj [/usr/lib/gcc/x86_64-linux-gnu/8/crtendS.o]
    arg [/usr/lib/gcc/x86_64-linux-gnu/8/../../../x86_64-linux-gnu/crtn.o] ==> obj [/usr/lib/gcc/x86_64-linux-gnu/8/../../../x86_64-linux-gnu/crtn.o]
  collapse obj [/usr/lib/gcc/x86_64-linux-gnu/8/../../../x86_64-linux-gnu/Scrt1.o] ==> [/usr/lib/x86_64-linux-gnu/Scrt1.o]
  collapse obj [/usr/lib/gcc/x86_64-linux-gnu/8/../../../x86_64-linux-gnu/crti.o] ==> [/usr/lib/x86_64-linux-gnu/crti.o]
  collapse obj [/usr/lib/gcc/x86_64-linux-gnu/8/../../../x86_64-linux-gnu/crtn.o] ==> [/usr/lib/x86_64-linux-gnu/crtn.o]
  collapse library dir [/usr/lib/gcc/x86_64-linux-gnu/8] ==> [/usr/lib/gcc/x86_64-linux-gnu/8]
  collapse library dir [/usr/lib/gcc/x86_64-linux-gnu/8/../../../x86_64-linux-gnu] ==> [/usr/lib/x86_64-linux-gnu]
  collapse library dir [/usr/lib/gcc/x86_64-linux-gnu/8/../../../../lib] ==> [/usr/lib]
  collapse library dir [/lib/x86_64-linux-gnu] ==> [/lib/x86_64-linux-gnu]
  collapse library dir [/lib/../lib] ==> [/lib]
  collapse library dir [/usr/lib/x86_64-linux-gnu] ==> [/usr/lib/x86_64-linux-gnu]
  collapse library dir [/usr/lib/../lib] ==> [/usr/lib]
  collapse library dir [/usr/lib/gcc/x86_64-linux-gnu/8/../../..] ==> [/usr/lib]
  implicit libs: [gcc;gcc_s;c;gcc;gcc_s]
  implicit objs: [/usr/lib/x86_64-linux-gnu/Scrt1.o;/usr/lib/x86_64-linux-gnu/crti.o;/usr/lib/gcc/x86_64-linux-gnu/8/crtbeginS.o;/usr/lib/gcc/x86_64-linux-gnu/8/crtendS.o;/usr/lib/x86_64-linux-gnu/crtn.o]
  implicit dirs: [/usr/lib/gcc/x86_64-linux-gnu/8;/usr/lib/x86_64-linux-gnu;/usr/lib;/lib/x86_64-linux-gnu;/lib]
  implicit fwks: []


Detecting CXX compiler ABI info compiled with the following output:
Change Dir: /home/siena/dev/libraries/tensorflow_src/tensorflow/tensorflow/lite/examples/minimal/build/CMakeFiles/CMakeTmp

Run Build Command(s):/usr/bin/make -f Makefile cmTC_54d1e/fast && /usr/bin/make  -f CMakeFiles/cmTC_54d1e.dir/build.make CMakeFiles/cmTC_54d1e.dir/build
make[1]: Entering directory '/home/siena/dev/libraries/tensorflow_src/tensorflow/tensorflow/lite/examples/minimal/build/CMakeFiles/CMakeTmp'
Building CXX object CMakeFiles/cmTC_54d1e.dir/CMakeCXXCompilerABI.cpp.o
/usr/bin/c++   -v -o CMakeFiles/cmTC_54d1e.dir/CMakeCXXCompilerABI.cpp.o -c /usr/local/share/cmake-3.23/Modules/CMakeCXXCompilerABI.cpp
Using built-in specs.
COLLECT_GCC=/usr/bin/c++
OFFLOAD_TARGET_NAMES=nvptx-none
OFFLOAD_TARGET_DEFAULT=1
Target: x86_64-linux-gnu
Configured with: ../src/configure -v --with-pkgversion='Debian 8.3.0-6' --with-bugurl=file:///usr/share/doc/gcc-8/README.Bugs --enable-languages=c,ada,c++,go,brig,d,fortran,objc,obj-c++ --prefix=/usr --with-gcc-major-version-only --program-suffix=-8 --program-prefix=x86_64-linux-gnu- --enable-shared --enable-linker-build-id --libexecdir=/usr/lib --without-included-gettext --enable-threads=posix --libdir=/usr/lib --enable-nls --enable-bootstrap --enable-clocale=gnu --enable-libstdcxx-debug --enable-libstdcxx-time=yes --with-default-libstdcxx-abi=new --enable-gnu-unique-object --disable-vtable-verify --enable-libmpx --enable-plugin --enable-default-pie --with-system-zlib --with-target-system-zlib --enable-objc-gc=auto --enable-multiarch --disable-werror --with-arch-32=i686 --with-abi=m64 --with-multilib-list=m32,m64,mx32 --enable-multilib --with-tune=generic --enable-offload-targets=nvptx-none --without-cuda-driver --enable-checking=release --build=x86_64-linux-gnu --host=x86_64-linux-gnu --target=x86_64-linux-gnu
Thread model: posix
gcc version 8.3.0 (Debian 8.3.0-6) 
COLLECT_GCC_OPTIONS='-v' '-o' 'CMakeFiles/cmTC_54d1e.dir/CMakeCXXCompilerABI.cpp.o' '-c' '-shared-libgcc' '-mtune=generic' '-march=x86-64'
 /usr/lib/gcc/x86_64-linux-gnu/8/cc1plus -quiet -v -imultiarch x86_64-linux-gnu -D_GNU_SOURCE /usr/local/share/cmake-3.23/Modules/CMakeCXXCompilerABI.cpp -quiet -dumpbase CMakeCXXCompilerABI.cpp -mtune=generic -march=x86-64 -auxbase-strip CMakeFiles/cmTC_54d1e.dir/CMakeCXXCompilerABI.cpp.o -version -o /tmp/ccNXEuVD.s
GNU C++14 (Debian 8.3.0-6) version 8.3.0 (x86_64-linux-gnu)
	compiled by GNU C version 8.3.0, GMP version 6.1.2, MPFR version 4.0.2, MPC version 1.1.0, isl version isl-0.20-GMP

GGC heuristics: --param ggc-min-expand=100 --param ggc-min-heapsize=131072
ignoring duplicate directory "/usr/include/x86_64-linux-gnu/c++/8"
ignoring nonexistent directory "/usr/local/include/x86_64-linux-gnu"
ignoring nonexistent directory "/usr/lib/gcc/x86_64-linux-gnu/8/../../../../x86_64-linux-gnu/include"
#include "..." search starts here:
#include <...> search starts here:
 /usr/include/c++/8
 /usr/include/x86_64-linux-gnu/c++/8
 /usr/include/c++/8/backward
 /usr/lib/gcc/x86_64-linux-gnu/8/include
 /usr/local/include
 /usr/lib/gcc/x86_64-linux-gnu/8/include-fixed
 /usr/include/x86_64-linux-gnu
 /usr/include
End of search list.
GNU C++14 (Debian 8.3.0-6) version 8.3.0 (x86_64-linux-gnu)
	compiled by GNU C version 8.3.0, GMP version 6.1.2, MPFR version 4.0.2, MPC version 1.1.0, isl version isl-0.20-GMP

GGC heuristics: --param ggc-min-expand=100 --param ggc-min-heapsize=131072
Compiler executable checksum: 3c854693d01dc9a844a56a0b1ab1c0f4
COLLECT_GCC_OPTIONS='-v' '-o' 'CMakeFiles/cmTC_54d1e.dir/CMakeCXXCompilerABI.cpp.o' '-c' '-shared-libgcc' '-mtune=generic' '-march=x86-64'
 as -v --64 -o CMakeFiles/cmTC_54d1e.dir/CMakeCXXCompilerABI.cpp.o /tmp/ccNXEuVD.s
GNU assembler version 2.31.1 (x86_64-linux-gnu) using BFD version (GNU Binutils for Debian) 2.31.1
COMPILER_PATH=/usr/lib/gcc/x86_64-linux-gnu/8/:/usr/lib/gcc/x86_64-linux-gnu/8/:/usr/lib/gcc/x86_64-linux-gnu/:/usr/lib/gcc/x86_64-linux-gnu/8/:/usr/lib/gcc/x86_64-linux-gnu/
LIBRARY_PATH=/usr/lib/gcc/x86_64-linux-gnu/8/:/usr/lib/gcc/x86_64-linux-gnu/8/../../../x86_64-linux-gnu/:/usr/lib/gcc/x86_64-linux-gnu/8/../../../../lib/:/lib/x86_64-linux-gnu/:/lib/../lib/:/usr/lib/x86_64-linux-gnu/:/usr/lib/../lib/:/usr/lib/gcc/x86_64-linux-gnu/8/../../../:/lib/:/usr/lib/
COLLECT_GCC_OPTIONS='-v' '-o' 'CMakeFiles/cmTC_54d1e.dir/CMakeCXXCompilerABI.cpp.o' '-c' '-shared-libgcc' '-mtune=generic' '-march=x86-64'
Linking CXX executable cmTC_54d1e
/usr/local/bin/cmake -E cmake_link_script CMakeFiles/cmTC_54d1e.dir/link.txt --verbose=1
/usr/bin/c++  -v CMakeFiles/cmTC_54d1e.dir/CMakeCXXCompilerABI.cpp.o -o cmTC_54d1e 
Using built-in specs.
COLLECT_GCC=/usr/bin/c++
COLLECT_LTO_WRAPPER=/usr/lib/gcc/x86_64-linux-gnu/8/lto-wrapper
OFFLOAD_TARGET_NAMES=nvptx-none
OFFLOAD_TARGET_DEFAULT=1
Target: x86_64-linux-gnu
Configured with: ../src/configure -v --with-pkgversion='Debian 8.3.0-6' --with-bugurl=file:///usr/share/doc/gcc-8/README.Bugs --enable-languages=c,ada,c++,go,brig,d,fortran,objc,obj-c++ --prefix=/usr --with-gcc-major-version-only --program-suffix=-8 --program-prefix=x86_64-linux-gnu- --enable-shared --enable-linker-build-id --libexecdir=/usr/lib --without-included-gettext --enable-threads=posix --libdir=/usr/lib --enable-nls --enable-bootstrap --enable-clocale=gnu --enable-libstdcxx-debug --enable-libstdcxx-time=yes --with-default-libstdcxx-abi=new --enable-gnu-unique-object --disable-vtable-verify --enable-libmpx --enable-plugin --enable-default-pie --with-system-zlib --with-target-system-zlib --enable-objc-gc=auto --enable-multiarch --disable-werror --with-arch-32=i686 --with-abi=m64 --with-multilib-list=m32,m64,mx32 --enable-multilib --with-tune=generic --enable-offload-targets=nvptx-none --without-cuda-driver --enable-checking=release --build=x86_64-linux-gnu --host=x86_64-linux-gnu --target=x86_64-linux-gnu
Thread model: posix
gcc version 8.3.0 (Debian 8.3.0-6) 
COMPILER_PATH=/usr/lib/gcc/x86_64-linux-gnu/8/:/usr/lib/gcc/x86_64-linux-gnu/8/:/usr/lib/gcc/x86_64-linux-gnu/:/usr/lib/gcc/x86_64-linux-gnu/8/:/usr/lib/gcc/x86_64-linux-gnu/
LIBRARY_PATH=/usr/lib/gcc/x86_64-linux-gnu/8/:/usr/lib/gcc/x86_64-linux-gnu/8/../../../x86_64-linux-gnu/:/usr/lib/gcc/x86_64-linux-gnu/8/../../../../lib/:/lib/x86_64-linux-gnu/:/lib/../lib/:/usr/lib/x86_64-linux-gnu/:/usr/lib/../lib/:/usr/lib/gcc/x86_64-linux-gnu/8/../../../:/lib/:/usr/lib/
COLLECT_GCC_OPTIONS='-v' '-o' 'cmTC_54d1e' '-shared-libgcc' '-mtune=generic' '-march=x86-64'
 /usr/lib/gcc/x86_64-linux-gnu/8/collect2 -plugin /usr/lib/gcc/x86_64-linux-gnu/8/liblto_plugin.so -plugin-opt=/usr/lib/gcc/x86_64-linux-gnu/8/lto-wrapper -plugin-opt=-fresolution=/tmp/ccd0rxuK.res -plugin-opt=-pass-through=-lgcc_s -plugin-opt=-pass-through=-lgcc -plugin-opt=-pass-through=-lc -plugin-opt=-pass-through=-lgcc_s -plugin-opt=-pass-through=-lgcc --build-id --eh-frame-hdr -m elf_x86_64 --hash-style=gnu -dynamic-linker /lib64/ld-linux-x86-64.so.2 -pie -o cmTC_54d1e /usr/lib/gcc/x86_64-linux-gnu/8/../../../x86_64-linux-gnu/Scrt1.o /usr/lib/gcc/x86_64-linux-gnu/8/../../../x86_64-linux-gnu/crti.o /usr/lib/gcc/x86_64-linux-gnu/8/crtbeginS.o -L/usr/lib/gcc/x86_64-linux-gnu/8 -L/usr/lib/gcc/x86_64-linux-gnu/8/../../../x86_64-linux-gnu -L/usr/lib/gcc/x86_64-linux-gnu/8/../../../../lib -L/lib/x86_64-linux-gnu -L/lib/../lib -L/usr/lib/x86_64-linux-gnu -L/usr/lib/../lib -L/usr/lib/gcc/x86_64-linux-gnu/8/../../.. CMakeFiles/cmTC_54d1e.dir/CMakeCXXCompilerABI.cpp.o -lstdc++ -lm -lgcc_s -lgcc -lc -lgcc_s -lgcc /usr/lib/gcc/x86_64-linux-gnu/8/crtendS.o /usr/lib/gcc/x86_64-linux-gnu/8/../../../x86_64-linux-gnu/crtn.o
COLLECT_GCC_OPTIONS='-v' '-o' 'cmTC_54d1e' '-shared-libgcc' '-mtune=generic' '-march=x86-64'
make[1]: Leaving directory '/home/siena/dev/libraries/tensorflow_src/tensorflow/tensorflow/lite/examples/minimal/build/CMakeFiles/CMakeTmp'



Parsed CXX implicit include dir info from above output: rv=done
  found start of include info
  found start of implicit include info
    add: [/usr/include/c++/8]
    add: [/usr/include/x86_64-linux-gnu/c++/8]
    add: [/usr/include/c++/8/backward]
    add: [/usr/lib/gcc/x86_64-linux-gnu/8/include]
    add: [/usr/local/include]
    add: [/usr/lib/gcc/x86_64-linux-gnu/8/include-fixed]
    add: [/usr/include/x86_64-linux-gnu]
    add: [/usr/include]
  end of search list found
  collapse include dir [/usr/include/c++/8] ==> [/usr/include/c++/8]
  collapse include dir [/usr/include/x86_64-linux-gnu/c++/8] ==> [/usr/include/x86_64-linux-gnu/c++/8]
  collapse include dir [/usr/include/c++/8/backward] ==> [/usr/include/c++/8/backward]
  collapse include dir [/usr/lib/gcc/x86_64-linux-gnu/8/include] ==> [/usr/lib/gcc/x86_64-linux-gnu/8/include]
  collapse include dir [/usr/local/include] ==> [/usr/local/include]
  collapse include dir [/usr/lib/gcc/x86_64-linux-gnu/8/include-fixed] ==> [/usr/lib/gcc/x86_64-linux-gnu/8/include-fixed]
  collapse include dir [/usr/include/x86_64-linux-gnu] ==> [/usr/include/x86_64-linux-gnu]
  collapse include dir [/usr/include] ==> [/usr/include]
  implicit include dirs: [/usr/include/c++/8;/usr/include/x86_64-linux-gnu/c++/8;/usr/include/c++/8/backward;/usr/lib/gcc/x86_64-linux-gnu/8/include;/usr/local/include;/usr/lib/gcc/x86_64-linux-gnu/8/include-fixed;/usr/include/x86_64-linux-gnu;/usr/include]


Parsed CXX implicit link information from above output:
  link line regex: [^( *|.*[/\])(ld|CMAKE_LINK_STARTFILE-NOTFOUND|([^/\]+-)?ld|collect2)[^/\]*( |$)]
  ignore line: [Change Dir: /home/siena/dev/libraries/tensorflow_src/tensorflow/tensorflow/lite/examples/minimal/build/CMakeFiles/CMakeTmp]
  ignore line: []
  ignore line: [Run Build Command(s):/usr/bin/make -f Makefile cmTC_54d1e/fast && /usr/bin/make  -f CMakeFiles/cmTC_54d1e.dir/build.make CMakeFiles/cmTC_54d1e.dir/build]
  ignore line: [make[1]: Entering directory '/home/siena/dev/libraries/tensorflow_src/tensorflow/tensorflow/lite/examples/minimal/build/CMakeFiles/CMakeTmp']
  ignore line: [Building CXX object CMakeFiles/cmTC_54d1e.dir/CMakeCXXCompilerABI.cpp.o]
  ignore line: [/usr/bin/c++   -v -o CMakeFiles/cmTC_54d1e.dir/CMakeCXXCompilerABI.cpp.o -c /usr/local/share/cmake-3.23/Modules/CMakeCXXCompilerABI.cpp]
  ignore line: [Using built-in specs.]
  ignore line: [COLLECT_GCC=/usr/bin/c++]
  ignore line: [OFFLOAD_TARGET_NAMES=nvptx-none]
  ignore line: [OFFLOAD_TARGET_DEFAULT=1]
  ignore line: [Target: x86_64-linux-gnu]
  ignore line: [Configured with: ../src/configure -v --with-pkgversion='Debian 8.3.0-6' --with-bugurl=file:///usr/share/doc/gcc-8/README.Bugs --enable-languages=c ada c++ go brig d fortran objc obj-c++ --prefix=/usr --with-gcc-major-version-only --program-suffix=-8 --program-prefix=x86_64-linux-gnu- --enable-shared --enable-linker-build-id --libexecdir=/usr/lib --without-included-gettext --enable-threads=posix --libdir=/usr/lib --enable-nls --enable-bootstrap --enable-clocale=gnu --enable-libstdcxx-debug --enable-libstdcxx-time=yes --with-default-libstdcxx-abi=new --enable-gnu-unique-object --disable-vtable-verify --enable-libmpx --enable-plugin --enable-default-pie --with-system-zlib --with-target-system-zlib --enable-objc-gc=auto --enable-multiarch --disable-werror --with-arch-32=i686 --with-abi=m64 --with-multilib-list=m32 m64 mx32 --enable-multilib --with-tune=generic --enable-offload-targets=nvptx-none --without-cuda-driver --enable-checking=release --build=x86_64-linux-gnu --host=x86_64-linux-gnu --target=x86_64-linux-gnu]
  ignore line: [Thread model: posix]
  ignore line: [gcc version 8.3.0 (Debian 8.3.0-6) ]
  ignore line: [COLLECT_GCC_OPTIONS='-v' '-o' 'CMakeFiles/cmTC_54d1e.dir/CMakeCXXCompilerABI.cpp.o' '-c' '-shared-libgcc' '-mtune=generic' '-march=x86-64']
  ignore line: [ /usr/lib/gcc/x86_64-linux-gnu/8/cc1plus -quiet -v -imultiarch x86_64-linux-gnu -D_GNU_SOURCE /usr/local/share/cmake-3.23/Modules/CMakeCXXCompilerABI.cpp -quiet -dumpbase CMakeCXXCompilerABI.cpp -mtune=generic -march=x86-64 -auxbase-strip CMakeFiles/cmTC_54d1e.dir/CMakeCXXCompilerABI.cpp.o -version -o /tmp/ccNXEuVD.s]
  ignore line: [GNU C++14 (Debian 8.3.0-6) version 8.3.0 (x86_64-linux-gnu)]
  ignore line: [	compiled by GNU C version 8.3.0  GMP version 6.1.2  MPFR version 4.0.2  MPC version 1.1.0  isl version isl-0.20-GMP]
  ignore line: []
  ignore line: [GGC heuristics: --param ggc-min-expand=100 --param ggc-min-heapsize=131072]
  ignore line: [ignoring duplicate directory "/usr/include/x86_64-linux-gnu/c++/8"]
  ignore line: [ignoring nonexistent directory "/usr/local/include/x86_64-linux-gnu"]
  ignore line: [ignoring nonexistent directory "/usr/lib/gcc/x86_64-linux-gnu/8/../../../../x86_64-linux-gnu/include"]
  ignore line: [#include "..." search starts here:]
  ignore line: [#include <...> search starts here:]
  ignore line: [ /usr/include/c++/8]
  ignore line: [ /usr/include/x86_64-linux-gnu/c++/8]
  ignore line: [ /usr/include/c++/8/backward]
  ignore line: [ /usr/lib/gcc/x86_64-linux-gnu/8/include]
  ignore line: [ /usr/local/include]
  ignore line: [ /usr/lib/gcc/x86_64-linux-gnu/8/include-fixed]
  ignore line: [ /usr/include/x86_64-linux-gnu]
  ignore line: [ /usr/include]
  ignore line: [End of search list.]
  ignore line: [GNU C++14 (Debian 8.3.0-6) version 8.3.0 (x86_64-linux-gnu)]
  ignore line: [	compiled by GNU C version 8.3.0  GMP version 6.1.2  MPFR version 4.0.2  MPC version 1.1.0  isl version isl-0.20-GMP]
  ignore line: []
  ignore line: [GGC heuristics: --param ggc-min-expand=100 --param ggc-min-heapsize=131072]
  ignore line: [Compiler executable checksum: 3c854693d01dc9a844a56a0b1ab1c0f4]
  ignore line: [COLLECT_GCC_OPTIONS='-v' '-o' 'CMakeFiles/cmTC_54d1e.dir/CMakeCXXCompilerABI.cpp.o' '-c' '-shared-libgcc' '-mtune=generic' '-march=x86-64']
  ignore line: [ as -v --64 -o CMakeFiles/cmTC_54d1e.dir/CMakeCXXCompilerABI.cpp.o /tmp/ccNXEuVD.s]
  ignore line: [GNU assembler version 2.31.1 (x86_64-linux-gnu) using BFD version (GNU Binutils for Debian) 2.31.1]
  ignore line: [COMPILER_PATH=/usr/lib/gcc/x86_64-linux-gnu/8/:/usr/lib/gcc/x86_64-linux-gnu/8/:/usr/lib/gcc/x86_64-linux-gnu/:/usr/lib/gcc/x86_64-linux-gnu/8/:/usr/lib/gcc/x86_64-linux-gnu/]
  ignore line: [LIBRARY_PATH=/usr/lib/gcc/x86_64-linux-gnu/8/:/usr/lib/gcc/x86_64-linux-gnu/8/../../../x86_64-linux-gnu/:/usr/lib/gcc/x86_64-linux-gnu/8/../../../../lib/:/lib/x86_64-linux-gnu/:/lib/../lib/:/usr/lib/x86_64-linux-gnu/:/usr/lib/../lib/:/usr/lib/gcc/x86_64-linux-gnu/8/../../../:/lib/:/usr/lib/]
  ignore line: [COLLECT_GCC_OPTIONS='-v' '-o' 'CMakeFiles/cmTC_54d1e.dir/CMakeCXXCompilerABI.cpp.o' '-c' '-shared-libgcc' '-mtune=generic' '-march=x86-64']
  ignore line: [Linking CXX executable cmTC_54d1e]
  ignore line: [/usr/local/bin/cmake -E cmake_link_script CMakeFiles/cmTC_54d1e.dir/link.txt --verbose=1]
  ignore line: [/usr/bin/c++  -v CMakeFiles/cmTC_54d1e.dir/CMakeCXXCompilerABI.cpp.o -o cmTC_54d1e ]
  ignore line: [Using built-in specs.]
  ignore line: [COLLECT_GCC=/usr/bin/c++]
  ignore line: [COLLECT_LTO_WRAPPER=/usr/lib/gcc/x86_64-linux-gnu/8/lto-wrapper]
  ignore line: [OFFLOAD_TARGET_NAMES=nvptx-none]
  ignore line: [OFFLOAD_TARGET_DEFAULT=1]
  ignore line: [Target: x86_64-linux-gnu]
  ignore line: [Configured with: ../src/configure -v --with-pkgversion='Debian 8.3.0-6' --with-bugurl=file:///usr/share/doc/gcc-8/README.Bugs --enable-languages=c ada c++ go brig d fortran objc obj-c++ --prefix=/usr --with-gcc-major-version-only --program-suffix=-8 --program-prefix=x86_64-linux-gnu- --enable-shared --enable-linker-build-id --libexecdir=/usr/lib --without-included-gettext --enable-threads=posix --libdir=/usr/lib --enable-nls --enable-bootstrap --enable-clocale=gnu --enable-libstdcxx-debug --enable-libstdcxx-time=yes --with-default-libstdcxx-abi=new --enable-gnu-unique-object --disable-vtable-verify --enable-libmpx --enable-plugin --enable-default-pie --with-system-zlib --with-target-system-zlib --enable-objc-gc=auto --enable-multiarch --disable-werror --with-arch-32=i686 --with-abi=m64 --with-multilib-list=m32 m64 mx32 --enable-multilib --with-tune=generic --enable-offload-targets=nvptx-none --without-cuda-driver --enable-checking=release --build=x86_64-linux-gnu --host=x86_64-linux-gnu --target=x86_64-linux-gnu]
  ignore line: [Thread model: posix]
  ignore line: [gcc version 8.3.0 (Debian 8.3.0-6) ]
  ignore line: [COMPILER_PATH=/usr/lib/gcc/x86_64-linux-gnu/8/:/usr/lib/gcc/x86_64-linux-gnu/8/:/usr/lib/gcc/x86_64-linux-gnu/:/usr/lib/gcc/x86_64-linux-gnu/8/:/usr/lib/gcc/x86_64-linux-gnu/]
  ignore line: [LIBRARY_PATH=/usr/lib/gcc/x86_64-linux-gnu/8/:/usr/lib/gcc/x86_64-linux-gnu/8/../../../x86_64-linux-gnu/:/usr/lib/gcc/x86_64-linux-gnu/8/../../../../lib/:/lib/x86_64-linux-gnu/:/lib/../lib/:/usr/lib/x86_64-linux-gnu/:/usr/lib/../lib/:/usr/lib/gcc/x86_64-linux-gnu/8/../../../:/lib/:/usr/lib/]
  ignore line: [COLLECT_GCC_OPTIONS='-v' '-o' 'cmTC_54d1e' '-shared-libgcc' '-mtune=generic' '-march=x86-64']
  link line: [ /usr/lib/gcc/x86_64-linux-gnu/8/collect2 -plugin /usr/lib/gcc/x86_64-linux-gnu/8/liblto_plugin.so -plugin-opt=/usr/lib/gcc/x86_64-linux-gnu/8/lto-wrapper -plugin-opt=-fresolution=/tmp/ccd0rxuK.res -plugin-opt=-pass-through=-lgcc_s -plugin-opt=-pass-through=-lgcc -plugin-opt=-pass-through=-lc -plugin-opt=-pass-through=-lgcc_s -plugin-opt=-pass-through=-lgcc --build-id --eh-frame-hdr -m elf_x86_64 --hash-style=gnu -dynamic-linker /lib64/ld-linux-x86-64.so.2 -pie -o cmTC_54d1e /usr/lib/gcc/x86_64-linux-gnu/8/../../../x86_64-linux-gnu/Scrt1.o /usr/lib/gcc/x86_64-linux-gnu/8/../../../x86_64-linux-gnu/crti.o /usr/lib/gcc/x86_64-linux-gnu/8/crtbeginS.o -L/usr/lib/gcc/x86_64-linux-gnu/8 -L/usr/lib/gcc/x86_64-linux-gnu/8/../../../x86_64-linux-gnu -L/usr/lib/gcc/x86_64-linux-gnu/8/../../../../lib -L/lib/x86_64-linux-gnu -L/lib/../lib -L/usr/lib/x86_64-linux-gnu -L/usr/lib/../lib -L/usr/lib/gcc/x86_64-linux-gnu/8/../../.. CMakeFiles/cmTC_54d1e.dir/CMakeCXXCompilerABI.cpp.o -lstdc++ -lm -lgcc_s -lgcc -lc -lgcc_s -lgcc /usr/lib/gcc/x86_64-linux-gnu/8/crtendS.o /usr/lib/gcc/x86_64-linux-gnu/8/../../../x86_64-linux-gnu/crtn.o]
    arg [/usr/lib/gcc/x86_64-linux-gnu/8/collect2] ==> ignore
    arg [-plugin] ==> ignore
    arg [/usr/lib/gcc/x86_64-linux-gnu/8/liblto_plugin.so] ==> ignore
    arg [-plugin-opt=/usr/lib/gcc/x86_64-linux-gnu/8/lto-wrapper] ==> ignore
    arg [-plugin-opt=-fresolution=/tmp/ccd0rxuK.res] ==> ignore
    arg [-plugin-opt=-pass-through=-lgcc_s] ==> ignore
    arg [-plugin-opt=-pass-through=-lgcc] ==> ignore
    arg [-plugin-opt=-pass-through=-lc] ==> ignore
    arg [-plugin-opt=-pass-through=-lgcc_s] ==> ignore
    arg [-plugin-opt=-pass-through=-lgcc] ==> ignore
    arg [--build-id] ==> ignore
    arg [--eh-frame-hdr] ==> ignore
    arg [-m] ==> ignore
    arg [elf_x86_64] ==> ignore
    arg [--hash-style=gnu] ==> ignore
    arg [-dynamic-linker] ==> ignore
    arg [/lib64/ld-linux-x86-64.so.2] ==> ignore
    arg [-pie] ==> ignore
    arg [-o] ==> ignore
    arg [cmTC_54d1e] ==> ignore
    arg [/usr/lib/gcc/x86_64-linux-gnu/8/../../../x86_64-linux-gnu/Scrt1.o] ==> obj [/usr/lib/gcc/x86_64-linux-gnu/8/../../../x86_64-linux-gnu/Scrt1.o]
    arg [/usr/lib/gcc/x86_64-linux-gnu/8/../../../x86_64-linux-gnu/crti.o] ==> obj [/usr/lib/gcc/x86_64-linux-gnu/8/../../../x86_64-linux-gnu/crti.o]
    arg [/usr/lib/gcc/x86_64-linux-gnu/8/crtbeginS.o] ==> obj [/usr/lib/gcc/x86_64-linux-gnu/8/crtbeginS.o]
    arg [-L/usr/lib/gcc/x86_64-linux-gnu/8] ==> dir [/usr/lib/gcc/x86_64-linux-gnu/8]
    arg [-L/usr/lib/gcc/x86_64-linux-gnu/8/../../../x86_64-linux-gnu] ==> dir [/usr/lib/gcc/x86_64-linux-gnu/8/../../../x86_64-linux-gnu]
    arg [-L/usr/lib/gcc/x86_64-linux-gnu/8/../../../../lib] ==> dir [/usr/lib/gcc/x86_64-linux-gnu/8/../../../../lib]
    arg [-L/lib/x86_64-linux-gnu] ==> dir [/lib/x86_64-linux-gnu]
    arg [-L/lib/../lib] ==> dir [/lib/../lib]
    arg [-L/usr/lib/x86_64-linux-gnu] ==> dir [/usr/lib/x86_64-linux-gnu]
    arg [-L/usr/lib/../lib] ==> dir [/usr/lib/../lib]
    arg [-L/usr/lib/gcc/x86_64-linux-gnu/8/../../..] ==> dir [/usr/lib/gcc/x86_64-linux-gnu/8/../../..]
    arg [CMakeFiles/cmTC_54d1e.dir/CMakeCXXCompilerABI.cpp.o] ==> ignore
    arg [-lstdc++] ==> lib [stdc++]
    arg [-lm] ==> lib [m]
    arg [-lgcc_s] ==> lib [gcc_s]
    arg [-lgcc] ==> lib [gcc]
    arg [-lc] ==> lib [c]
    arg [-lgcc_s] ==> lib [gcc_s]
    arg [-lgcc] ==> lib [gcc]
    arg [/usr/lib/gcc/x86_64-linux-gnu/8/crtendS.o] ==> obj [/usr/lib/gcc/x86_64-linux-gnu/8/crtendS.o]
    arg [/usr/lib/gcc/x86_64-linux-gnu/8/../../../x86_64-linux-gnu/crtn.o] ==> obj [/usr/lib/gcc/x86_64-linux-gnu/8/../../../x86_64-linux-gnu/crtn.o]
  collapse obj [/usr/lib/gcc/x86_64-linux-gnu/8/../../../x86_64-linux-gnu/Scrt1.o] ==> [/usr/lib/x86_64-linux-gnu/Scrt1.o]
  collapse obj [/usr/lib/gcc/x86_64-linux-gnu/8/../../../x86_64-linux-gnu/crti.o] ==> [/usr/lib/x86_64-linux-gnu/crti.o]
  collapse obj [/usr/lib/gcc/x86_64-linux-gnu/8/../../../x86_64-linux-gnu/crtn.o] ==> [/usr/lib/x86_64-linux-gnu/crtn.o]
  collapse library dir [/usr/lib/gcc/x86_64-linux-gnu/8] ==> [/usr/lib/gcc/x86_64-linux-gnu/8]
  collapse library dir [/usr/lib/gcc/x86_64-linux-gnu/8/../../../x86_64-linux-gnu] ==> [/usr/lib/x86_64-linux-gnu]
  collapse library dir [/usr/lib/gcc/x86_64-linux-gnu/8/../../../../lib] ==> [/usr/lib]
  collapse library dir [/lib/x86_64-linux-gnu] ==> [/lib/x86_64-linux-gnu]
  collapse library dir [/lib/../lib] ==> [/lib]
  collapse library dir [/usr/lib/x86_64-linux-gnu] ==> [/usr/lib/x86_64-linux-gnu]
  collapse library dir [/usr/lib/../lib] ==> [/usr/lib]
  collapse library dir [/usr/lib/gcc/x86_64-linux-gnu/8/../../..] ==> [/usr/lib]
  implicit libs: [stdc++;m;gcc_s;gcc;c;gcc_s;gcc]
  implicit objs: [/usr/lib/x86_64-linux-gnu/Scrt1.o;/usr/lib/x86_64-linux-gnu/crti.o;/usr/lib/gcc/x86_64-linux-gnu/8/crtbeginS.o;/usr/lib/gcc/x86_64-linux-gnu/8/crtendS.o;/usr/lib/x86_64-linux-gnu/crtn.o]
  implicit dirs: [/usr/lib/gcc/x86_64-linux-gnu/8;/usr/lib/x86_64-linux-gnu;/usr/lib;/lib/x86_64-linux-gnu;/lib]
  implicit fwks: []


Determining if the include file pthread.h exists passed with the following output:
Change Dir: /home/siena/dev/libraries/tensorflow_src/tensorflow/tensorflow/lite/examples/minimal/build/CMakeFiles/CMakeTmp

Run Build Command(s):/usr/bin/make -f Makefile cmTC_96b89/fast && /usr/bin/make  -f CMakeFiles/cmTC_96b89.dir/build.make CMakeFiles/cmTC_96b89.dir/build
make[1]: Entering directory '/home/siena/dev/libraries/tensorflow_src/tensorflow/tensorflow/lite/examples/minimal/build/CMakeFiles/CMakeTmp'
Building C object CMakeFiles/cmTC_96b89.dir/CheckIncludeFile.c.o
/usr/bin/cc   -fPIE -o CMakeFiles/cmTC_96b89.dir/CheckIncludeFile.c.o -c /home/siena/dev/libraries/tensorflow_src/tensorflow/tensorflow/lite/examples/minimal/build/CMakeFiles/CMakeTmp/CheckIncludeFile.c
Linking C executable cmTC_96b89
/usr/local/bin/cmake -E cmake_link_script CMakeFiles/cmTC_96b89.dir/link.txt --verbose=1
/usr/bin/cc CMakeFiles/cmTC_96b89.dir/CheckIncludeFile.c.o -o cmTC_96b89 
make[1]: Leaving directory '/home/siena/dev/libraries/tensorflow_src/tensorflow/tensorflow/lite/examples/minimal/build/CMakeFiles/CMakeTmp'



Determining if the function pthread_create exists in the pthread passed with the following output:
Change Dir: /home/siena/dev/libraries/tensorflow_src/tensorflow/tensorflow/lite/examples/minimal/build/CMakeFiles/CMakeTmp

Run Build Command(s):/usr/bin/make -f Makefile cmTC_59b9f/fast && /usr/bin/make  -f CMakeFiles/cmTC_59b9f.dir/build.make CMakeFiles/cmTC_59b9f.dir/build
make[1]: Entering directory '/home/siena/dev/libraries/tensorflow_src/tensorflow/tensorflow/lite/examples/minimal/build/CMakeFiles/CMakeTmp'
Building C object CMakeFiles/cmTC_59b9f.dir/CheckFunctionExists.c.o
/usr/bin/cc   -DCHECK_FUNCTION_EXISTS=pthread_create -fPIE -o CMakeFiles/cmTC_59b9f.dir/CheckFunctionExists.c.o -c /usr/local/share/cmake-3.23/Modules/CheckFunctionExists.c
Linking C executable cmTC_59b9f
/usr/local/bin/cmake -E cmake_link_script CMakeFiles/cmTC_59b9f.dir/link.txt --verbose=1
/usr/bin/cc  -DCHECK_FUNCTION_EXISTS=pthread_create CMakeFiles/cmTC_59b9f.dir/CheckFunctionExists.c.o -o cmTC_59b9f  -lpthread 
make[1]: Leaving directory '/home/siena/dev/libraries/tensorflow_src/tensorflow/tensorflow/lite/examples/minimal/build/CMakeFiles/CMakeTmp'



Performing C++ SOURCE FILE Test standard_math_library_linked_to_automatically succeeded with the following output:
Change Dir: /home/siena/dev/libraries/tensorflow_src/tensorflow/tensorflow/lite/examples/minimal/build/CMakeFiles/CMakeTmp

Run Build Command(s):/usr/bin/make -f Makefile cmTC_89a80/fast && /usr/bin/make  -f CMakeFiles/cmTC_89a80.dir/build.make CMakeFiles/cmTC_89a80.dir/build
make[1]: Entering directory '/home/siena/dev/libraries/tensorflow_src/tensorflow/tensorflow/lite/examples/minimal/build/CMakeFiles/CMakeTmp'
Building CXX object CMakeFiles/cmTC_89a80.dir/src.cxx.o
/usr/bin/c++ -Dstandard_math_library_linked_to_automatically  -fPIE -o CMakeFiles/cmTC_89a80.dir/src.cxx.o -c /home/siena/dev/libraries/tensorflow_src/tensorflow/tensorflow/lite/examples/minimal/build/CMakeFiles/CMakeTmp/src.cxx
Linking CXX executable cmTC_89a80
/usr/local/bin/cmake -E cmake_link_script CMakeFiles/cmTC_89a80.dir/link.txt --verbose=1
/usr/bin/c++ CMakeFiles/cmTC_89a80.dir/src.cxx.o -o cmTC_89a80 
make[1]: Leaving directory '/home/siena/dev/libraries/tensorflow_src/tensorflow/tensorflow/lite/examples/minimal/build/CMakeFiles/CMakeTmp'


Source file was:

#include<cmath>
int main(int argc, char **){
  return int(std::sin(double(argc)) + std::log(double(argc)));
}
Performing C++ SOURCE FILE Test COMPILER_SUPPORT_WERROR succeeded with the following output:
Change Dir: /home/siena/dev/libraries/tensorflow_src/tensorflow/tensorflow/lite/examples/minimal/build/CMakeFiles/CMakeTmp

Run Build Command(s):/usr/bin/make -f Makefile cmTC_e08ac/fast && /usr/bin/make  -f CMakeFiles/cmTC_e08ac.dir/build.make CMakeFiles/cmTC_e08ac.dir/build
make[1]: Entering directory '/home/siena/dev/libraries/tensorflow_src/tensorflow/tensorflow/lite/examples/minimal/build/CMakeFiles/CMakeTmp'
Building CXX object CMakeFiles/cmTC_e08ac.dir/src.cxx.o
/usr/bin/c++ -DCOMPILER_SUPPORT_WERROR  -fPIE   -Werror -o CMakeFiles/cmTC_e08ac.dir/src.cxx.o -c /home/siena/dev/libraries/tensorflow_src/tensorflow/tensorflow/lite/examples/minimal/build/CMakeFiles/CMakeTmp/src.cxx
Linking CXX executable cmTC_e08ac
/usr/local/bin/cmake -E cmake_link_script CMakeFiles/cmTC_e08ac.dir/link.txt --verbose=1
/usr/bin/c++ CMakeFiles/cmTC_e08ac.dir/src.cxx.o -o cmTC_e08ac 
make[1]: Leaving directory '/home/siena/dev/libraries/tensorflow_src/tensorflow/tensorflow/lite/examples/minimal/build/CMakeFiles/CMakeTmp'


Source file was:
int main() { return 0; }
Performing C++ SOURCE FILE Test COMPILER_SUPPORT_pedantic succeeded with the following output:
Change Dir: /home/siena/dev/libraries/tensorflow_src/tensorflow/tensorflow/lite/examples/minimal/build/CMakeFiles/CMakeTmp

Run Build Command(s):/usr/bin/make -f Makefile cmTC_2d85d/fast && /usr/bin/make  -f CMakeFiles/cmTC_2d85d.dir/build.make CMakeFiles/cmTC_2d85d.dir/build
make[1]: Entering directory '/home/siena/dev/libraries/tensorflow_src/tensorflow/tensorflow/lite/examples/minimal/build/CMakeFiles/CMakeTmp'
Building CXX object CMakeFiles/cmTC_2d85d.dir/src.cxx.o
/usr/bin/c++ -DCOMPILER_SUPPORT_pedantic  -Werror -fPIE   -pedantic -o CMakeFiles/cmTC_2d85d.dir/src.cxx.o -c /home/siena/dev/libraries/tensorflow_src/tensorflow/tensorflow/lite/examples/minimal/build/CMakeFiles/CMakeTmp/src.cxx
Linking CXX executable cmTC_2d85d
/usr/local/bin/cmake -E cmake_link_script CMakeFiles/cmTC_2d85d.dir/link.txt --verbose=1
/usr/bin/c++  -Werror CMakeFiles/cmTC_2d85d.dir/src.cxx.o -o cmTC_2d85d 
make[1]: Leaving directory '/home/siena/dev/libraries/tensorflow_src/tensorflow/tensorflow/lite/examples/minimal/build/CMakeFiles/CMakeTmp'


Source file was:
int main() { return 0; }
Performing C++ SOURCE FILE Test COMPILER_SUPPORT_Wall succeeded with the following output:
Change Dir: /home/siena/dev/libraries/tensorflow_src/tensorflow/tensorflow/lite/examples/minimal/build/CMakeFiles/CMakeTmp

Run Build Command(s):/usr/bin/make -f Makefile cmTC_50751/fast && /usr/bin/make  -f CMakeFiles/cmTC_50751.dir/build.make CMakeFiles/cmTC_50751.dir/build
make[1]: Entering directory '/home/siena/dev/libraries/tensorflow_src/tensorflow/tensorflow/lite/examples/minimal/build/CMakeFiles/CMakeTmp'
Building CXX object CMakeFiles/cmTC_50751.dir/src.cxx.o
/usr/bin/c++ -DCOMPILER_SUPPORT_Wall  -pedantic -Werror -fPIE   -Wall -o CMakeFiles/cmTC_50751.dir/src.cxx.o -c /home/siena/dev/libraries/tensorflow_src/tensorflow/tensorflow/lite/examples/minimal/build/CMakeFiles/CMakeTmp/src.cxx
Linking CXX executable cmTC_50751
/usr/local/bin/cmake -E cmake_link_script CMakeFiles/cmTC_50751.dir/link.txt --verbose=1
/usr/bin/c++  -pedantic -Werror CMakeFiles/cmTC_50751.dir/src.cxx.o -o cmTC_50751 
make[1]: Leaving directory '/home/siena/dev/libraries/tensorflow_src/tensorflow/tensorflow/lite/examples/minimal/build/CMakeFiles/CMakeTmp'


Source file was:
int main() { return 0; }
Performing C++ SOURCE FILE Test COMPILER_SUPPORT_Wextra succeeded with the following output:
Change Dir: /home/siena/dev/libraries/tensorflow_src/tensorflow/tensorflow/lite/examples/minimal/build/CMakeFiles/CMakeTmp

Run Build Command(s):/usr/bin/make -f Makefile cmTC_a93b9/fast && /usr/bin/make  -f CMakeFiles/cmTC_a93b9.dir/build.make CMakeFiles/cmTC_a93b9.dir/build
make[1]: Entering directory '/home/siena/dev/libraries/tensorflow_src/tensorflow/tensorflow/lite/examples/minimal/build/CMakeFiles/CMakeTmp'
Building CXX object CMakeFiles/cmTC_a93b9.dir/src.cxx.o
/usr/bin/c++ -DCOMPILER_SUPPORT_Wextra  -pedantic -Wall -Werror -fPIE   -Wextra -o CMakeFiles/cmTC_a93b9.dir/src.cxx.o -c /home/siena/dev/libraries/tensorflow_src/tensorflow/tensorflow/lite/examples/minimal/build/CMakeFiles/CMakeTmp/src.cxx
Linking CXX executable cmTC_a93b9
/usr/local/bin/cmake -E cmake_link_script CMakeFiles/cmTC_a93b9.dir/link.txt --verbose=1
/usr/bin/c++  -pedantic -Wall -Werror CMakeFiles/cmTC_a93b9.dir/src.cxx.o -o cmTC_a93b9 
make[1]: Leaving directory '/home/siena/dev/libraries/tensorflow_src/tensorflow/tensorflow/lite/examples/minimal/build/CMakeFiles/CMakeTmp'


Source file was:
int main() { return 0; }
Performing C++ SOURCE FILE Test COMPILER_SUPPORT_Wundef succeeded with the following output:
Change Dir: /home/siena/dev/libraries/tensorflow_src/tensorflow/tensorflow/lite/examples/minimal/build/CMakeFiles/CMakeTmp

Run Build Command(s):/usr/bin/make -f Makefile cmTC_5deba/fast && /usr/bin/make  -f CMakeFiles/cmTC_5deba.dir/build.make CMakeFiles/cmTC_5deba.dir/build
make[1]: Entering directory '/home/siena/dev/libraries/tensorflow_src/tensorflow/tensorflow/lite/examples/minimal/build/CMakeFiles/CMakeTmp'
Building CXX object CMakeFiles/cmTC_5deba.dir/src.cxx.o
/usr/bin/c++ -DCOMPILER_SUPPORT_Wundef  -pedantic -Wall -Wextra -Werror -fPIE   -Wundef -o CMakeFiles/cmTC_5deba.dir/src.cxx.o -c /home/siena/dev/libraries/tensorflow_src/tensorflow/tensorflow/lite/examples/minimal/build/CMakeFiles/CMakeTmp/src.cxx
Linking CXX executable cmTC_5deba
/usr/local/bin/cmake -E cmake_link_script CMakeFiles/cmTC_5deba.dir/link.txt --verbose=1
/usr/bin/c++  -pedantic -Wall -Wextra -Werror CMakeFiles/cmTC_5deba.dir/src.cxx.o -o cmTC_5deba 
make[1]: Leaving directory '/home/siena/dev/libraries/tensorflow_src/tensorflow/tensorflow/lite/examples/minimal/build/CMakeFiles/CMakeTmp'


Source file was:
int main() { return 0; }
Performing C++ SOURCE FILE Test COMPILER_SUPPORT_Wcastalign succeeded with the following output:
Change Dir: /home/siena/dev/libraries/tensorflow_src/tensorflow/tensorflow/lite/examples/minimal/build/CMakeFiles/CMakeTmp

Run Build Command(s):/usr/bin/make -f Makefile cmTC_54d27/fast && /usr/bin/make  -f CMakeFiles/cmTC_54d27.dir/build.make CMakeFiles/cmTC_54d27.dir/build
make[1]: Entering directory '/home/siena/dev/libraries/tensorflow_src/tensorflow/tensorflow/lite/examples/minimal/build/CMakeFiles/CMakeTmp'
Building CXX object CMakeFiles/cmTC_54d27.dir/src.cxx.o
/usr/bin/c++ -DCOMPILER_SUPPORT_Wcastalign  -pedantic -Wall -Wextra -Wundef -Werror -fPIE   -Wcast-align -o CMakeFiles/cmTC_54d27.dir/src.cxx.o -c /home/siena/dev/libraries/tensorflow_src/tensorflow/tensorflow/lite/examples/minimal/build/CMakeFiles/CMakeTmp/src.cxx
Linking CXX executable cmTC_54d27
/usr/local/bin/cmake -E cmake_link_script CMakeFiles/cmTC_54d27.dir/link.txt --verbose=1
/usr/bin/c++  -pedantic -Wall -Wextra -Wundef -Werror CMakeFiles/cmTC_54d27.dir/src.cxx.o -o cmTC_54d27 
make[1]: Leaving directory '/home/siena/dev/libraries/tensorflow_src/tensorflow/tensorflow/lite/examples/minimal/build/CMakeFiles/CMakeTmp'


Source file was:
int main() { return 0; }
Performing C++ SOURCE FILE Test COMPILER_SUPPORT_Wcharsubscripts succeeded with the following output:
Change Dir: /home/siena/dev/libraries/tensorflow_src/tensorflow/tensorflow/lite/examples/minimal/build/CMakeFiles/CMakeTmp

Run Build Command(s):/usr/bin/make -f Makefile cmTC_e67c6/fast && /usr/bin/make  -f CMakeFiles/cmTC_e67c6.dir/build.make CMakeFiles/cmTC_e67c6.dir/build
make[1]: Entering directory '/home/siena/dev/libraries/tensorflow_src/tensorflow/tensorflow/lite/examples/minimal/build/CMakeFiles/CMakeTmp'
Building CXX object CMakeFiles/cmTC_e67c6.dir/src.cxx.o
/usr/bin/c++ -DCOMPILER_SUPPORT_Wcharsubscripts  -pedantic -Wall -Wextra -Wundef -Wcast-align -Werror -fPIE   -Wchar-subscripts -o CMakeFiles/cmTC_e67c6.dir/src.cxx.o -c /home/siena/dev/libraries/tensorflow_src/tensorflow/tensorflow/lite/examples/minimal/build/CMakeFiles/CMakeTmp/src.cxx
Linking CXX executable cmTC_e67c6
/usr/local/bin/cmake -E cmake_link_script CMakeFiles/cmTC_e67c6.dir/link.txt --verbose=1
/usr/bin/c++  -pedantic -Wall -Wextra -Wundef -Wcast-align -Werror CMakeFiles/cmTC_e67c6.dir/src.cxx.o -o cmTC_e67c6 
make[1]: Leaving directory '/home/siena/dev/libraries/tensorflow_src/tensorflow/tensorflow/lite/examples/minimal/build/CMakeFiles/CMakeTmp'


Source file was:
int main() { return 0; }
Performing C++ SOURCE FILE Test COMPILER_SUPPORT_Wnonvirtualdtor succeeded with the following output:
Change Dir: /home/siena/dev/libraries/tensorflow_src/tensorflow/tensorflow/lite/examples/minimal/build/CMakeFiles/CMakeTmp

Run Build Command(s):/usr/bin/make -f Makefile cmTC_03790/fast && /usr/bin/make  -f CMakeFiles/cmTC_03790.dir/build.make CMakeFiles/cmTC_03790.dir/build
make[1]: Entering directory '/home/siena/dev/libraries/tensorflow_src/tensorflow/tensorflow/lite/examples/minimal/build/CMakeFiles/CMakeTmp'
Building CXX object CMakeFiles/cmTC_03790.dir/src.cxx.o
/usr/bin/c++ -DCOMPILER_SUPPORT_Wnonvirtualdtor  -pedantic -Wall -Wextra -Wundef -Wcast-align -Wchar-subscripts -Werror -fPIE   -Wnon-virtual-dtor -o CMakeFiles/cmTC_03790.dir/src.cxx.o -c /home/siena/dev/libraries/tensorflow_src/tensorflow/tensorflow/lite/examples/minimal/build/CMakeFiles/CMakeTmp/src.cxx
Linking CXX executable cmTC_03790
/usr/local/bin/cmake -E cmake_link_script CMakeFiles/cmTC_03790.dir/link.txt --verbose=1
/usr/bin/c++  -pedantic -Wall -Wextra -Wundef -Wcast-align -Wchar-subscripts -Werror CMakeFiles/cmTC_03790.dir/src.cxx.o -o cmTC_03790 
make[1]: Leaving directory '/home/siena/dev/libraries/tensorflow_src/tensorflow/tensorflow/lite/examples/minimal/build/CMakeFiles/CMakeTmp'


Source file was:
int main() { return 0; }
Performing C++ SOURCE FILE Test COMPILER_SUPPORT_Wunusedlocaltypedefs succeeded with the following output:
Change Dir: /home/siena/dev/libraries/tensorflow_src/tensorflow/tensorflow/lite/examples/minimal/build/CMakeFiles/CMakeTmp

Run Build Command(s):/usr/bin/make -f Makefile cmTC_7af73/fast && /usr/bin/make  -f CMakeFiles/cmTC_7af73.dir/build.make CMakeFiles/cmTC_7af73.dir/build
make[1]: Entering directory '/home/siena/dev/libraries/tensorflow_src/tensorflow/tensorflow/lite/examples/minimal/build/CMakeFiles/CMakeTmp'
Building CXX object CMakeFiles/cmTC_7af73.dir/src.cxx.o
/usr/bin/c++ -DCOMPILER_SUPPORT_Wunusedlocaltypedefs  -pedantic -Wall -Wextra -Wundef -Wcast-align -Wchar-subscripts -Wnon-virtual-dtor -Werror -fPIE   -Wunused-local-typedefs -o CMakeFiles/cmTC_7af73.dir/src.cxx.o -c /home/siena/dev/libraries/tensorflow_src/tensorflow/tensorflow/lite/examples/minimal/build/CMakeFiles/CMakeTmp/src.cxx
Linking CXX executable cmTC_7af73
/usr/local/bin/cmake -E cmake_link_script CMakeFiles/cmTC_7af73.dir/link.txt --verbose=1
/usr/bin/c++  -pedantic -Wall -Wextra -Wundef -Wcast-align -Wchar-subscripts -Wnon-virtual-dtor -Werror CMakeFiles/cmTC_7af73.dir/src.cxx.o -o cmTC_7af73 
make[1]: Leaving directory '/home/siena/dev/libraries/tensorflow_src/tensorflow/tensorflow/lite/examples/minimal/build/CMakeFiles/CMakeTmp'


Source file was:
int main() { return 0; }
Performing C++ SOURCE FILE Test COMPILER_SUPPORT_Wpointerarith succeeded with the following output:
Change Dir: /home/siena/dev/libraries/tensorflow_src/tensorflow/tensorflow/lite/examples/minimal/build/CMakeFiles/CMakeTmp

Run Build Command(s):/usr/bin/make -f Makefile cmTC_52acf/fast && /usr/bin/make  -f CMakeFiles/cmTC_52acf.dir/build.make CMakeFiles/cmTC_52acf.dir/build
make[1]: Entering directory '/home/siena/dev/libraries/tensorflow_src/tensorflow/tensorflow/lite/examples/minimal/build/CMakeFiles/CMakeTmp'
Building CXX object CMakeFiles/cmTC_52acf.dir/src.cxx.o
/usr/bin/c++ -DCOMPILER_SUPPORT_Wpointerarith  -pedantic -Wall -Wextra -Wundef -Wcast-align -Wchar-subscripts -Wnon-virtual-dtor -Wunused-local-typedefs -Werror -fPIE   -Wpointer-arith -o CMakeFiles/cmTC_52acf.dir/src.cxx.o -c /home/siena/dev/libraries/tensorflow_src/tensorflow/tensorflow/lite/examples/minimal/build/CMakeFiles/CMakeTmp/src.cxx
Linking CXX executable cmTC_52acf
/usr/local/bin/cmake -E cmake_link_script CMakeFiles/cmTC_52acf.dir/link.txt --verbose=1
/usr/bin/c++  -pedantic -Wall -Wextra -Wundef -Wcast-align -Wchar-subscripts -Wnon-virtual-dtor -Wunused-local-typedefs -Werror CMakeFiles/cmTC_52acf.dir/src.cxx.o -o cmTC_52acf 
make[1]: Leaving directory '/home/siena/dev/libraries/tensorflow_src/tensorflow/tensorflow/lite/examples/minimal/build/CMakeFiles/CMakeTmp'


Source file was:
int main() { return 0; }
Performing C++ SOURCE FILE Test COMPILER_SUPPORT_Wwritestrings succeeded with the following output:
Change Dir: /home/siena/dev/libraries/tensorflow_src/tensorflow/tensorflow/lite/examples/minimal/build/CMakeFiles/CMakeTmp

Run Build Command(s):/usr/bin/make -f Makefile cmTC_8edc5/fast && /usr/bin/make  -f CMakeFiles/cmTC_8edc5.dir/build.make CMakeFiles/cmTC_8edc5.dir/build
make[1]: Entering directory '/home/siena/dev/libraries/tensorflow_src/tensorflow/tensorflow/lite/examples/minimal/build/CMakeFiles/CMakeTmp'
Building CXX object CMakeFiles/cmTC_8edc5.dir/src.cxx.o
/usr/bin/c++ -DCOMPILER_SUPPORT_Wwritestrings  -pedantic -Wall -Wextra -Wundef -Wcast-align -Wchar-subscripts -Wnon-virtual-dtor -Wunused-local-typedefs -Wpointer-arith -Werror -fPIE   -Wwrite-strings -o CMakeFiles/cmTC_8edc5.dir/src.cxx.o -c /home/siena/dev/libraries/tensorflow_src/tensorflow/tensorflow/lite/examples/minimal/build/CMakeFiles/CMakeTmp/src.cxx
Linking CXX executable cmTC_8edc5
/usr/local/bin/cmake -E cmake_link_script CMakeFiles/cmTC_8edc5.dir/link.txt --verbose=1
/usr/bin/c++  -pedantic -Wall -Wextra -Wundef -Wcast-align -Wchar-subscripts -Wnon-virtual-dtor -Wunused-local-typedefs -Wpointer-arith -Werror CMakeFiles/cmTC_8edc5.dir/src.cxx.o -o cmTC_8edc5 
make[1]: Leaving directory '/home/siena/dev/libraries/tensorflow_src/tensorflow/tensorflow/lite/examples/minimal/build/CMakeFiles/CMakeTmp'


Source file was:
int main() { return 0; }
Performing C++ SOURCE FILE Test COMPILER_SUPPORT_Wformatsecurity succeeded with the following output:
Change Dir: /home/siena/dev/libraries/tensorflow_src/tensorflow/tensorflow/lite/examples/minimal/build/CMakeFiles/CMakeTmp

Run Build Command(s):/usr/bin/make -f Makefile cmTC_ba1f4/fast && /usr/bin/make  -f CMakeFiles/cmTC_ba1f4.dir/build.make CMakeFiles/cmTC_ba1f4.dir/build
make[1]: Entering directory '/home/siena/dev/libraries/tensorflow_src/tensorflow/tensorflow/lite/examples/minimal/build/CMakeFiles/CMakeTmp'
Building CXX object CMakeFiles/cmTC_ba1f4.dir/src.cxx.o
/usr/bin/c++ -DCOMPILER_SUPPORT_Wformatsecurity  -pedantic -Wall -Wextra -Wundef -Wcast-align -Wchar-subscripts -Wnon-virtual-dtor -Wunused-local-typedefs -Wpointer-arith -Wwrite-strings -Werror -fPIE   -Wformat-security -o CMakeFiles/cmTC_ba1f4.dir/src.cxx.o -c /home/siena/dev/libraries/tensorflow_src/tensorflow/tensorflow/lite/examples/minimal/build/CMakeFiles/CMakeTmp/src.cxx
Linking CXX executable cmTC_ba1f4
/usr/local/bin/cmake -E cmake_link_script CMakeFiles/cmTC_ba1f4.dir/link.txt --verbose=1
/usr/bin/c++  -pedantic -Wall -Wextra -Wundef -Wcast-align -Wchar-subscripts -Wnon-virtual-dtor -Wunused-local-typedefs -Wpointer-arith -Wwrite-strings -Werror CMakeFiles/cmTC_ba1f4.dir/src.cxx.o -o cmTC_ba1f4 
make[1]: Leaving directory '/home/siena/dev/libraries/tensorflow_src/tensorflow/tensorflow/lite/examples/minimal/build/CMakeFiles/CMakeTmp'


Source file was:
int main() { return 0; }
Performing C++ SOURCE FILE Test COMPILER_SUPPORT_Wlogicalop succeeded with the following output:
Change Dir: /home/siena/dev/libraries/tensorflow_src/tensorflow/tensorflow/lite/examples/minimal/build/CMakeFiles/CMakeTmp

Run Build Command(s):/usr/bin/make -f Makefile cmTC_ee166/fast && /usr/bin/make  -f CMakeFiles/cmTC_ee166.dir/build.make CMakeFiles/cmTC_ee166.dir/build
make[1]: Entering directory '/home/siena/dev/libraries/tensorflow_src/tensorflow/tensorflow/lite/examples/minimal/build/CMakeFiles/CMakeTmp'
Building CXX object CMakeFiles/cmTC_ee166.dir/src.cxx.o
/usr/bin/c++ -DCOMPILER_SUPPORT_Wlogicalop  -pedantic -Wall -Wextra -Wundef -Wcast-align -Wchar-subscripts -Wnon-virtual-dtor -Wunused-local-typedefs -Wpointer-arith -Wwrite-strings -Wformat-security -Werror -fPIE   -Wlogical-op -o CMakeFiles/cmTC_ee166.dir/src.cxx.o -c /home/siena/dev/libraries/tensorflow_src/tensorflow/tensorflow/lite/examples/minimal/build/CMakeFiles/CMakeTmp/src.cxx
Linking CXX executable cmTC_ee166
/usr/local/bin/cmake -E cmake_link_script CMakeFiles/cmTC_ee166.dir/link.txt --verbose=1
/usr/bin/c++  -pedantic -Wall -Wextra -Wundef -Wcast-align -Wchar-subscripts -Wnon-virtual-dtor -Wunused-local-typedefs -Wpointer-arith -Wwrite-strings -Wformat-security -Werror CMakeFiles/cmTC_ee166.dir/src.cxx.o -o cmTC_ee166 
make[1]: Leaving directory '/home/siena/dev/libraries/tensorflow_src/tensorflow/tensorflow/lite/examples/minimal/build/CMakeFiles/CMakeTmp'


Source file was:
int main() { return 0; }
Performing C++ SOURCE FILE Test COMPILER_SUPPORT_Wdoublepromotion succeeded with the following output:
Change Dir: /home/siena/dev/libraries/tensorflow_src/tensorflow/tensorflow/lite/examples/minimal/build/CMakeFiles/CMakeTmp

Run Build Command(s):/usr/bin/make -f Makefile cmTC_1d740/fast && /usr/bin/make  -f CMakeFiles/cmTC_1d740.dir/build.make CMakeFiles/cmTC_1d740.dir/build
make[1]: Entering directory '/home/siena/dev/libraries/tensorflow_src/tensorflow/tensorflow/lite/examples/minimal/build/CMakeFiles/CMakeTmp'
Building CXX object CMakeFiles/cmTC_1d740.dir/src.cxx.o
/usr/bin/c++ -DCOMPILER_SUPPORT_Wdoublepromotion  -pedantic -Wall -Wextra -Wundef -Wcast-align -Wchar-subscripts -Wnon-virtual-dtor -Wunused-local-typedefs -Wpointer-arith -Wwrite-strings -Wformat-security -Wlogical-op -Werror -fPIE   -Wdouble-promotion -o CMakeFiles/cmTC_1d740.dir/src.cxx.o -c /home/siena/dev/libraries/tensorflow_src/tensorflow/tensorflow/lite/examples/minimal/build/CMakeFiles/CMakeTmp/src.cxx
Linking CXX executable cmTC_1d740
/usr/local/bin/cmake -E cmake_link_script CMakeFiles/cmTC_1d740.dir/link.txt --verbose=1
/usr/bin/c++  -pedantic -Wall -Wextra -Wundef -Wcast-align -Wchar-subscripts -Wnon-virtual-dtor -Wunused-local-typedefs -Wpointer-arith -Wwrite-strings -Wformat-security -Wlogical-op -Werror CMakeFiles/cmTC_1d740.dir/src.cxx.o -o cmTC_1d740 
make[1]: Leaving directory '/home/siena/dev/libraries/tensorflow_src/tensorflow/tensorflow/lite/examples/minimal/build/CMakeFiles/CMakeTmp'


Source file was:
int main() { return 0; }
Performing C++ SOURCE FILE Test COMPILER_SUPPORT_Wshadow succeeded with the following output:
Change Dir: /home/siena/dev/libraries/tensorflow_src/tensorflow/tensorflow/lite/examples/minimal/build/CMakeFiles/CMakeTmp

Run Build Command(s):/usr/bin/make -f Makefile cmTC_1701d/fast && /usr/bin/make  -f CMakeFiles/cmTC_1701d.dir/build.make CMakeFiles/cmTC_1701d.dir/build
make[1]: Entering directory '/home/siena/dev/libraries/tensorflow_src/tensorflow/tensorflow/lite/examples/minimal/build/CMakeFiles/CMakeTmp'
Building CXX object CMakeFiles/cmTC_1701d.dir/src.cxx.o
/usr/bin/c++ -DCOMPILER_SUPPORT_Wshadow  -pedantic -Wall -Wextra -Wundef -Wcast-align -Wchar-subscripts -Wnon-virtual-dtor -Wunused-local-typedefs -Wpointer-arith -Wwrite-strings -Wformat-security -Wlogical-op -Wdouble-promotion -Werror -fPIE   -Wshadow -o CMakeFiles/cmTC_1701d.dir/src.cxx.o -c /home/siena/dev/libraries/tensorflow_src/tensorflow/tensorflow/lite/examples/minimal/build/CMakeFiles/CMakeTmp/src.cxx
Linking CXX executable cmTC_1701d
/usr/local/bin/cmake -E cmake_link_script CMakeFiles/cmTC_1701d.dir/link.txt --verbose=1
/usr/bin/c++  -pedantic -Wall -Wextra -Wundef -Wcast-align -Wchar-subscripts -Wnon-virtual-dtor -Wunused-local-typedefs -Wpointer-arith -Wwrite-strings -Wformat-security -Wlogical-op -Wdouble-promotion -Werror CMakeFiles/cmTC_1701d.dir/src.cxx.o -o cmTC_1701d 
make[1]: Leaving directory '/home/siena/dev/libraries/tensorflow_src/tensorflow/tensorflow/lite/examples/minimal/build/CMakeFiles/CMakeTmp'


Source file was:
int main() { return 0; }
Performing C++ SOURCE FILE Test COMPILER_SUPPORT_Wnopsabi succeeded with the following output:
Change Dir: /home/siena/dev/libraries/tensorflow_src/tensorflow/tensorflow/lite/examples/minimal/build/CMakeFiles/CMakeTmp

Run Build Command(s):/usr/bin/make -f Makefile cmTC_ebb58/fast && /usr/bin/make  -f CMakeFiles/cmTC_ebb58.dir/build.make CMakeFiles/cmTC_ebb58.dir/build
make[1]: Entering directory '/home/siena/dev/libraries/tensorflow_src/tensorflow/tensorflow/lite/examples/minimal/build/CMakeFiles/CMakeTmp'
Building CXX object CMakeFiles/cmTC_ebb58.dir/src.cxx.o
/usr/bin/c++ -DCOMPILER_SUPPORT_Wnopsabi  -pedantic -Wall -Wextra -Wundef -Wcast-align -Wchar-subscripts -Wnon-virtual-dtor -Wunused-local-typedefs -Wpointer-arith -Wwrite-strings -Wformat-security -Wlogical-op -Wdouble-promotion -Wshadow -Werror -fPIE   -Wno-psabi -o CMakeFiles/cmTC_ebb58.dir/src.cxx.o -c /home/siena/dev/libraries/tensorflow_src/tensorflow/tensorflow/lite/examples/minimal/build/CMakeFiles/CMakeTmp/src.cxx
Linking CXX executable cmTC_ebb58
/usr/local/bin/cmake -E cmake_link_script CMakeFiles/cmTC_ebb58.dir/link.txt --verbose=1
/usr/bin/c++  -pedantic -Wall -Wextra -Wundef -Wcast-align -Wchar-subscripts -Wnon-virtual-dtor -Wunused-local-typedefs -Wpointer-arith -Wwrite-strings -Wformat-security -Wlogical-op -Wdouble-promotion -Wshadow -Werror CMakeFiles/cmTC_ebb58.dir/src.cxx.o -o cmTC_ebb58 
make[1]: Leaving directory '/home/siena/dev/libraries/tensorflow_src/tensorflow/tensorflow/lite/examples/minimal/build/CMakeFiles/CMakeTmp'


Source file was:
int main() { return 0; }
Performing C++ SOURCE FILE Test COMPILER_SUPPORT_Wnovariadicmacros succeeded with the following output:
Change Dir: /home/siena/dev/libraries/tensorflow_src/tensorflow/tensorflow/lite/examples/minimal/build/CMakeFiles/CMakeTmp

Run Build Command(s):/usr/bin/make -f Makefile cmTC_ec41a/fast && /usr/bin/make  -f CMakeFiles/cmTC_ec41a.dir/build.make CMakeFiles/cmTC_ec41a.dir/build
make[1]: Entering directory '/home/siena/dev/libraries/tensorflow_src/tensorflow/tensorflow/lite/examples/minimal/build/CMakeFiles/CMakeTmp'
Building CXX object CMakeFiles/cmTC_ec41a.dir/src.cxx.o
/usr/bin/c++ -DCOMPILER_SUPPORT_Wnovariadicmacros  -pedantic -Wall -Wextra -Wundef -Wcast-align -Wchar-subscripts -Wnon-virtual-dtor -Wunused-local-typedefs -Wpointer-arith -Wwrite-strings -Wformat-security -Wlogical-op -Wdouble-promotion -Wshadow -Wno-psabi -Werror -fPIE   -Wno-variadic-macros -o CMakeFiles/cmTC_ec41a.dir/src.cxx.o -c /home/siena/dev/libraries/tensorflow_src/tensorflow/tensorflow/lite/examples/minimal/build/CMakeFiles/CMakeTmp/src.cxx
Linking CXX executable cmTC_ec41a
/usr/local/bin/cmake -E cmake_link_script CMakeFiles/cmTC_ec41a.dir/link.txt --verbose=1
/usr/bin/c++  -pedantic -Wall -Wextra -Wundef -Wcast-align -Wchar-subscripts -Wnon-virtual-dtor -Wunused-local-typedefs -Wpointer-arith -Wwrite-strings -Wformat-security -Wlogical-op -Wdouble-promotion -Wshadow -Wno-psabi -Werror CMakeFiles/cmTC_ec41a.dir/src.cxx.o -o cmTC_ec41a 
make[1]: Leaving directory '/home/siena/dev/libraries/tensorflow_src/tensorflow/tensorflow/lite/examples/minimal/build/CMakeFiles/CMakeTmp'


Source file was:
int main() { return 0; }
Performing C++ SOURCE FILE Test COMPILER_SUPPORT_Wnolonglong succeeded with the following output:
Change Dir: /home/siena/dev/libraries/tensorflow_src/tensorflow/tensorflow/lite/examples/minimal/build/CMakeFiles/CMakeTmp

Run Build Command(s):/usr/bin/make -f Makefile cmTC_f9c81/fast && /usr/bin/make  -f CMakeFiles/cmTC_f9c81.dir/build.make CMakeFiles/cmTC_f9c81.dir/build
make[1]: Entering directory '/home/siena/dev/libraries/tensorflow_src/tensorflow/tensorflow/lite/examples/minimal/build/CMakeFiles/CMakeTmp'
Building CXX object CMakeFiles/cmTC_f9c81.dir/src.cxx.o
/usr/bin/c++ -DCOMPILER_SUPPORT_Wnolonglong  -pedantic -Wall -Wextra -Wundef -Wcast-align -Wchar-subscripts -Wnon-virtual-dtor -Wunused-local-typedefs -Wpointer-arith -Wwrite-strings -Wformat-security -Wlogical-op -Wdouble-promotion -Wshadow -Wno-psabi -Wno-variadic-macros -Werror -fPIE   -Wno-long-long -o CMakeFiles/cmTC_f9c81.dir/src.cxx.o -c /home/siena/dev/libraries/tensorflow_src/tensorflow/tensorflow/lite/examples/minimal/build/CMakeFiles/CMakeTmp/src.cxx
Linking CXX executable cmTC_f9c81
/usr/local/bin/cmake -E cmake_link_script CMakeFiles/cmTC_f9c81.dir/link.txt --verbose=1
/usr/bin/c++  -pedantic -Wall -Wextra -Wundef -Wcast-align -Wchar-subscripts -Wnon-virtual-dtor -Wunused-local-typedefs -Wpointer-arith -Wwrite-strings -Wformat-security -Wlogical-op -Wdouble-promotion -Wshadow -Wno-psabi -Wno-variadic-macros -Werror CMakeFiles/cmTC_f9c81.dir/src.cxx.o -o cmTC_f9c81 
make[1]: Leaving directory '/home/siena/dev/libraries/tensorflow_src/tensorflow/tensorflow/lite/examples/minimal/build/CMakeFiles/CMakeTmp'


Source file was:
int main() { return 0; }
Performing C++ SOURCE FILE Test COMPILER_SUPPORT_fnochecknew succeeded with the following output:
Change Dir: /home/siena/dev/libraries/tensorflow_src/tensorflow/tensorflow/lite/examples/minimal/build/CMakeFiles/CMakeTmp

Run Build Command(s):/usr/bin/make -f Makefile cmTC_8fb24/fast && /usr/bin/make  -f CMakeFiles/cmTC_8fb24.dir/build.make CMakeFiles/cmTC_8fb24.dir/build
make[1]: Entering directory '/home/siena/dev/libraries/tensorflow_src/tensorflow/tensorflow/lite/examples/minimal/build/CMakeFiles/CMakeTmp'
Building CXX object CMakeFiles/cmTC_8fb24.dir/src.cxx.o
/usr/bin/c++ -DCOMPILER_SUPPORT_fnochecknew  -pedantic -Wall -Wextra -Wundef -Wcast-align -Wchar-subscripts -Wnon-virtual-dtor -Wunused-local-typedefs -Wpointer-arith -Wwrite-strings -Wformat-security -Wlogical-op -Wdouble-promotion -Wshadow -Wno-psabi -Wno-variadic-macros -Wno-long-long -Werror -fPIE   -fno-check-new -o CMakeFiles/cmTC_8fb24.dir/src.cxx.o -c /home/siena/dev/libraries/tensorflow_src/tensorflow/tensorflow/lite/examples/minimal/build/CMakeFiles/CMakeTmp/src.cxx
Linking CXX executable cmTC_8fb24
/usr/local/bin/cmake -E cmake_link_script CMakeFiles/cmTC_8fb24.dir/link.txt --verbose=1
/usr/bin/c++  -pedantic -Wall -Wextra -Wundef -Wcast-align -Wchar-subscripts -Wnon-virtual-dtor -Wunused-local-typedefs -Wpointer-arith -Wwrite-strings -Wformat-security -Wlogical-op -Wdouble-promotion -Wshadow -Wno-psabi -Wno-variadic-macros -Wno-long-long -Werror CMakeFiles/cmTC_8fb24.dir/src.cxx.o -o cmTC_8fb24 
make[1]: Leaving directory '/home/siena/dev/libraries/tensorflow_src/tensorflow/tensorflow/lite/examples/minimal/build/CMakeFiles/CMakeTmp'


Source file was:
int main() { return 0; }
Performing C++ SOURCE FILE Test COMPILER_SUPPORT_fnocommon succeeded with the following output:
Change Dir: /home/siena/dev/libraries/tensorflow_src/tensorflow/tensorflow/lite/examples/minimal/build/CMakeFiles/CMakeTmp

Run Build Command(s):/usr/bin/make -f Makefile cmTC_5784a/fast && /usr/bin/make  -f CMakeFiles/cmTC_5784a.dir/build.make CMakeFiles/cmTC_5784a.dir/build
make[1]: Entering directory '/home/siena/dev/libraries/tensorflow_src/tensorflow/tensorflow/lite/examples/minimal/build/CMakeFiles/CMakeTmp'
Building CXX object CMakeFiles/cmTC_5784a.dir/src.cxx.o
/usr/bin/c++ -DCOMPILER_SUPPORT_fnocommon  -pedantic -Wall -Wextra -Wundef -Wcast-align -Wchar-subscripts -Wnon-virtual-dtor -Wunused-local-typedefs -Wpointer-arith -Wwrite-strings -Wformat-security -Wlogical-op -Wdouble-promotion -Wshadow -Wno-psabi -Wno-variadic-macros -Wno-long-long -fno-check-new -Werror -fPIE   -fno-common -o CMakeFiles/cmTC_5784a.dir/src.cxx.o -c /home/siena/dev/libraries/tensorflow_src/tensorflow/tensorflow/lite/examples/minimal/build/CMakeFiles/CMakeTmp/src.cxx
Linking CXX executable cmTC_5784a
/usr/local/bin/cmake -E cmake_link_script CMakeFiles/cmTC_5784a.dir/link.txt --verbose=1
/usr/bin/c++  -pedantic -Wall -Wextra -Wundef -Wcast-align -Wchar-subscripts -Wnon-virtual-dtor -Wunused-local-typedefs -Wpointer-arith -Wwrite-strings -Wformat-security -Wlogical-op -Wdouble-promotion -Wshadow -Wno-psabi -Wno-variadic-macros -Wno-long-long -fno-check-new -Werror CMakeFiles/cmTC_5784a.dir/src.cxx.o -o cmTC_5784a 
make[1]: Leaving directory '/home/siena/dev/libraries/tensorflow_src/tensorflow/tensorflow/lite/examples/minimal/build/CMakeFiles/CMakeTmp'


Source file was:
int main() { return 0; }
Performing C++ SOURCE FILE Test COMPILER_SUPPORT_fstrictaliasing succeeded with the following output:
Change Dir: /home/siena/dev/libraries/tensorflow_src/tensorflow/tensorflow/lite/examples/minimal/build/CMakeFiles/CMakeTmp

Run Build Command(s):/usr/bin/make -f Makefile cmTC_880d5/fast && /usr/bin/make  -f CMakeFiles/cmTC_880d5.dir/build.make CMakeFiles/cmTC_880d5.dir/build
make[1]: Entering directory '/home/siena/dev/libraries/tensorflow_src/tensorflow/tensorflow/lite/examples/minimal/build/CMakeFiles/CMakeTmp'
Building CXX object CMakeFiles/cmTC_880d5.dir/src.cxx.o
/usr/bin/c++ -DCOMPILER_SUPPORT_fstrictaliasing  -pedantic -Wall -Wextra -Wundef -Wcast-align -Wchar-subscripts -Wnon-virtual-dtor -Wunused-local-typedefs -Wpointer-arith -Wwrite-strings -Wformat-security -Wlogical-op -Wdouble-promotion -Wshadow -Wno-psabi -Wno-variadic-macros -Wno-long-long -fno-check-new -fno-common -Werror -fPIE   -fstrict-aliasing -o CMakeFiles/cmTC_880d5.dir/src.cxx.o -c /home/siena/dev/libraries/tensorflow_src/tensorflow/tensorflow/lite/examples/minimal/build/CMakeFiles/CMakeTmp/src.cxx
Linking CXX executable cmTC_880d5
/usr/local/bin/cmake -E cmake_link_script CMakeFiles/cmTC_880d5.dir/link.txt --verbose=1
/usr/bin/c++  -pedantic -Wall -Wextra -Wundef -Wcast-align -Wchar-subscripts -Wnon-virtual-dtor -Wunused-local-typedefs -Wpointer-arith -Wwrite-strings -Wformat-security -Wlogical-op -Wdouble-promotion -Wshadow -Wno-psabi -Wno-variadic-macros -Wno-long-long -fno-check-new -fno-common -Werror CMakeFiles/cmTC_880d5.dir/src.cxx.o -o cmTC_880d5 
make[1]: Leaving directory '/home/siena/dev/libraries/tensorflow_src/tensorflow/tensorflow/lite/examples/minimal/build/CMakeFiles/CMakeTmp'


Source file was:
int main() { return 0; }
Performing C++ SOURCE FILE Test COMPILER_SUPPORT_OPENMP succeeded with the following output:
Change Dir: /home/siena/dev/libraries/tensorflow_src/tensorflow/tensorflow/lite/examples/minimal/build/CMakeFiles/CMakeTmp

Run Build Command(s):/usr/bin/make -f Makefile cmTC_6e2a4/fast && /usr/bin/make  -f CMakeFiles/cmTC_6e2a4.dir/build.make CMakeFiles/cmTC_6e2a4.dir/build
make[1]: Entering directory '/home/siena/dev/libraries/tensorflow_src/tensorflow/tensorflow/lite/examples/minimal/build/CMakeFiles/CMakeTmp'
Building CXX object CMakeFiles/cmTC_6e2a4.dir/src.cxx.o
/usr/bin/c++ -DCOMPILER_SUPPORT_OPENMP  -pedantic -Wall -Wextra -Wundef -Wcast-align -Wchar-subscripts -Wnon-virtual-dtor -Wunused-local-typedefs -Wpointer-arith -Wwrite-strings -Wformat-security -Wlogical-op -Wdouble-promotion -Wshadow -Wno-psabi -Wno-variadic-macros -Wno-long-long -fno-check-new -fno-common -fstrict-aliasing  -fPIE   -fopenmp -o CMakeFiles/cmTC_6e2a4.dir/src.cxx.o -c /home/siena/dev/libraries/tensorflow_src/tensorflow/tensorflow/lite/examples/minimal/build/CMakeFiles/CMakeTmp/src.cxx
Linking CXX executable cmTC_6e2a4
/usr/local/bin/cmake -E cmake_link_script CMakeFiles/cmTC_6e2a4.dir/link.txt --verbose=1
/usr/bin/c++  -pedantic -Wall -Wextra -Wundef -Wcast-align -Wchar-subscripts -Wnon-virtual-dtor -Wunused-local-typedefs -Wpointer-arith -Wwrite-strings -Wformat-security -Wlogical-op -Wdouble-promotion -Wshadow -Wno-psabi -Wno-variadic-macros -Wno-long-long -fno-check-new -fno-common -fstrict-aliasing  CMakeFiles/cmTC_6e2a4.dir/src.cxx.o -o cmTC_6e2a4 
make[1]: Leaving directory '/home/siena/dev/libraries/tensorflow_src/tensorflow/tensorflow/lite/examples/minimal/build/CMakeFiles/CMakeTmp'


Source file was:
int main() { return 0; }
Performing C++ SOURCE FILE Test FARMHASH_HAS_BUILTIN_EXPECT succeeded with the following output:
Change Dir: /home/siena/dev/libraries/tensorflow_src/tensorflow/tensorflow/lite/examples/minimal/build/CMakeFiles/CMakeTmp

Run Build Command(s):/usr/bin/make -f Makefile cmTC_1e969/fast && /usr/bin/make  -f CMakeFiles/cmTC_1e969.dir/build.make CMakeFiles/cmTC_1e969.dir/build
make[1]: Entering directory '/home/siena/dev/libraries/tensorflow_src/tensorflow/tensorflow/lite/examples/minimal/build/CMakeFiles/CMakeTmp'
Building CXX object CMakeFiles/cmTC_1e969.dir/src.cxx.o
/usr/bin/c++ -DFARMHASH_HAS_BUILTIN_EXPECT  -fPIE -o CMakeFiles/cmTC_1e969.dir/src.cxx.o -c /home/siena/dev/libraries/tensorflow_src/tensorflow/tensorflow/lite/examples/minimal/build/CMakeFiles/CMakeTmp/src.cxx
Linking CXX executable cmTC_1e969
/usr/local/bin/cmake -E cmake_link_script CMakeFiles/cmTC_1e969.dir/link.txt --verbose=1
/usr/bin/c++ CMakeFiles/cmTC_1e969.dir/src.cxx.o -o cmTC_1e969 
make[1]: Leaving directory '/home/siena/dev/libraries/tensorflow_src/tensorflow/tensorflow/lite/examples/minimal/build/CMakeFiles/CMakeTmp'


Source file was:
int main(int argc, char* argv[]) { return (int)__builtin_expect(0, 0); }
Determining if the strtof_l exist passed with the following output:
Change Dir: /home/siena/dev/libraries/tensorflow_src/tensorflow/tensorflow/lite/examples/minimal/build/CMakeFiles/CMakeTmp

Run Build Command(s):/usr/bin/make -f Makefile cmTC_2b648/fast && /usr/bin/make  -f CMakeFiles/cmTC_2b648.dir/build.make CMakeFiles/cmTC_2b648.dir/build
make[1]: Entering directory '/home/siena/dev/libraries/tensorflow_src/tensorflow/tensorflow/lite/examples/minimal/build/CMakeFiles/CMakeTmp'
Building CXX object CMakeFiles/cmTC_2b648.dir/CheckSymbolExists.cxx.o
/usr/bin/c++   -fPIE -o CMakeFiles/cmTC_2b648.dir/CheckSymbolExists.cxx.o -c /home/siena/dev/libraries/tensorflow_src/tensorflow/tensorflow/lite/examples/minimal/build/CMakeFiles/CMakeTmp/CheckSymbolExists.cxx
Linking CXX executable cmTC_2b648
/usr/local/bin/cmake -E cmake_link_script CMakeFiles/cmTC_2b648.dir/link.txt --verbose=1
/usr/bin/c++ -rdynamic CMakeFiles/cmTC_2b648.dir/CheckSymbolExists.cxx.o -o cmTC_2b648 
make[1]: Leaving directory '/home/siena/dev/libraries/tensorflow_src/tensorflow/tensorflow/lite/examples/minimal/build/CMakeFiles/CMakeTmp'


File /home/siena/dev/libraries/tensorflow_src/tensorflow/tensorflow/lite/examples/minimal/build/CMakeFiles/CMakeTmp/CheckSymbolExists.cxx:
/* */
#include <stdlib.h>

int main(int argc, char** argv)
{
  (void)argv;
#ifndef strtof_l
  return ((int*)(&strtof_l))[argc];
#else
  (void)argc;
  return 0;
#endif
}
Determining if the strtoull_l exist passed with the following output:
Change Dir: /home/siena/dev/libraries/tensorflow_src/tensorflow/tensorflow/lite/examples/minimal/build/CMakeFiles/CMakeTmp

Run Build Command(s):/usr/bin/make -f Makefile cmTC_d9f28/fast && /usr/bin/make  -f CMakeFiles/cmTC_d9f28.dir/build.make CMakeFiles/cmTC_d9f28.dir/build
make[1]: Entering directory '/home/siena/dev/libraries/tensorflow_src/tensorflow/tensorflow/lite/examples/minimal/build/CMakeFiles/CMakeTmp'
Building CXX object CMakeFiles/cmTC_d9f28.dir/CheckSymbolExists.cxx.o
/usr/bin/c++   -fPIE -o CMakeFiles/cmTC_d9f28.dir/CheckSymbolExists.cxx.o -c /home/siena/dev/libraries/tensorflow_src/tensorflow/tensorflow/lite/examples/minimal/build/CMakeFiles/CMakeTmp/CheckSymbolExists.cxx
Linking CXX executable cmTC_d9f28
/usr/local/bin/cmake -E cmake_link_script CMakeFiles/cmTC_d9f28.dir/link.txt --verbose=1
/usr/bin/c++ -rdynamic CMakeFiles/cmTC_d9f28.dir/CheckSymbolExists.cxx.o -o cmTC_d9f28 
make[1]: Leaving directory '/home/siena/dev/libraries/tensorflow_src/tensorflow/tensorflow/lite/examples/minimal/build/CMakeFiles/CMakeTmp'


File /home/siena/dev/libraries/tensorflow_src/tensorflow/tensorflow/lite/examples/minimal/build/CMakeFiles/CMakeTmp/CheckSymbolExists.cxx:
/* */
#include <stdlib.h>

int main(int argc, char** argv)
{
  (void)argv;
#ifndef strtoull_l
  return ((int*)(&strtoull_l))[argc];
#else
  (void)argc;
  return 0;
#endif
}
Checking whether the ASM compiler is GNU using "--version" matched "(GNU assembler)|(GCC)|(Free Software Foundation)":
cc (Debian 8.3.0-6) 8.3.0
Copyright (C) 2018 Free Software Foundation, Inc.
This is free software; see the source for copying conditions.  There is NO
warranty; not even for MERCHANTABILITY or FITNESS FOR A PARTICULAR PURPOSE.

